{"/home/vemla/dbwebb-kurser/vteam/fenix/services/rest-api/src/app.js": {"path":"/home/vemla/dbwebb-kurser/vteam/fenix/services/rest-api/src/app.js","statementMap":{"0":{"start":{"line":21,"column":0},"end":{"line":21,"column":16}},"1":{"start":{"line":23,"column":0},"end":{"line":25,"column":1}},"2":{"start":{"line":24,"column":4},"end":{"line":24,"column":46}},"3":{"start":{"line":27,"column":13},"end":{"line":27,"column":51}},"4":{"start":{"line":29,"column":12},"end":{"line":29,"column":21}},"5":{"start":{"line":31,"column":0},"end":{"line":31,"column":24}},"6":{"start":{"line":32,"column":0},"end":{"line":32,"column":48}},"7":{"start":{"line":33,"column":0},"end":{"line":33,"column":16}},"8":{"start":{"line":34,"column":0},"end":{"line":34,"column":18}},"9":{"start":{"line":36,"column":0},"end":{"line":36,"column":21}},"10":{"start":{"line":37,"column":0},"end":{"line":37,"column":21}},"11":{"start":{"line":38,"column":0},"end":{"line":38,"column":29}},"12":{"start":{"line":39,"column":0},"end":{"line":39,"column":23}},"13":{"start":{"line":40,"column":0},"end":{"line":40,"column":23}},"14":{"start":{"line":43,"column":0},"end":{"line":43,"column":23}},"15":{"start":{"line":45,"column":19},"end":{"line":45,"column":36}},"16":{"start":{"line":47,"column":11},"end":{"line":51,"column":2}},"17":{"start":{"line":54,"column":0},"end":{"line":63,"column":3}},"18":{"start":{"line":55,"column":4},"end":{"line":55,"column":27}},"19":{"start":{"line":66,"column":0},"end":{"line":68,"column":3}},"20":{"start":{"line":67,"column":4},"end":{"line":67,"column":44}},"21":{"start":{"line":71,"column":0},"end":{"line":75,"column":3}},"22":{"start":{"line":72,"column":19},"end":{"line":72,"column":35}},"23":{"start":{"line":74,"column":4},"end":{"line":74,"column":21}},"24":{"start":{"line":79,"column":20},"end":{"line":103,"column":1}},"25":{"start":{"line":80,"column":4},"end":{"line":102,"column":5}},"26":{"start":{"line":83,"column":23},"end":{"line":83,"column":162}},"27":{"start":{"line":85,"column":8},"end":{"line":88,"column":9}},"28":{"start":{"line":87,"column":12},"end":{"line":87,"column":56}},"29":{"start":{"line":90,"column":8},"end":{"line":90,"column":42}},"30":{"start":{"line":93,"column":21},"end":{"line":93,"column":45}},"31":{"start":{"line":95,"column":8},"end":{"line":99,"column":9}},"32":{"start":{"line":96,"column":12},"end":{"line":98,"column":15}},"33":{"start":{"line":97,"column":16},"end":{"line":97,"column":65}},"34":{"start":{"line":101,"column":8},"end":{"line":101,"column":53}},"35":{"start":{"line":106,"column":0},"end":{"line":106,"column":14}}},"fnMap":{"0":{"name":"(anonymous_0)","decl":{"start":{"line":54,"column":28},"end":{"line":54,"column":29}},"loc":{"start":{"line":54,"column":46},"end":{"line":63,"column":1}},"line":54},"1":{"name":"(anonymous_1)","decl":{"start":{"line":66,"column":13},"end":{"line":66,"column":14}},"loc":{"start":{"line":66,"column":27},"end":{"line":68,"column":1}},"line":66},"2":{"name":"(anonymous_2)","decl":{"start":{"line":71,"column":18},"end":{"line":71,"column":19}},"loc":{"start":{"line":71,"column":38},"end":{"line":75,"column":1}},"line":71},"3":{"name":"(anonymous_3)","decl":{"start":{"line":79,"column":20},"end":{"line":79,"column":21}},"loc":{"start":{"line":79,"column":32},"end":{"line":103,"column":1}},"line":79},"4":{"name":"(anonymous_4)","decl":{"start":{"line":96,"column":36},"end":{"line":96,"column":37}},"loc":{"start":{"line":96,"column":42},"end":{"line":98,"column":13}},"line":96}},"branchMap":{"0":{"loc":{"start":{"line":23,"column":0},"end":{"line":25,"column":1}},"type":"if","locations":[{"start":{"line":23,"column":0},"end":{"line":25,"column":1}},{"start":{},"end":{}}],"line":23},"1":{"loc":{"start":{"line":27,"column":13},"end":{"line":27,"column":51}},"type":"binary-expr","locations":[{"start":{"line":27,"column":13},"end":{"line":27,"column":43}},{"start":{"line":27,"column":47},"end":{"line":27,"column":51}}],"line":27},"2":{"loc":{"start":{"line":85,"column":8},"end":{"line":88,"column":9}},"type":"if","locations":[{"start":{"line":85,"column":8},"end":{"line":88,"column":9}},{"start":{},"end":{}}],"line":85},"3":{"loc":{"start":{"line":93,"column":21},"end":{"line":93,"column":45}},"type":"binary-expr","locations":[{"start":{"line":93,"column":21},"end":{"line":93,"column":37}},{"start":{"line":93,"column":41},"end":{"line":93,"column":45}}],"line":93},"4":{"loc":{"start":{"line":95,"column":8},"end":{"line":99,"column":9}},"type":"if","locations":[{"start":{"line":95,"column":8},"end":{"line":99,"column":9}},{"start":{},"end":{}}],"line":95}},"s":{"0":3,"1":3,"2":0,"3":3,"4":3,"5":3,"6":3,"7":3,"8":3,"9":3,"10":3,"11":3,"12":3,"13":3,"14":3,"15":3,"16":3,"17":3,"18":0,"19":3,"20":1,"21":3,"22":0,"23":0,"24":3,"25":3,"26":3,"27":3,"28":3,"29":3,"30":3,"31":3,"32":0,"33":0,"34":0,"35":3},"f":{"0":0,"1":1,"2":0,"3":3,"4":0},"b":{"0":[0,3],"1":[3,0],"2":[3,0],"3":[3,0],"4":[0,3]},"inputSourceMap":null,"_coverageSchema":"1a1c01bbd47fc00a2c39e90264f33305004495a9","hash":"a98c83be39603576d1ac9ea2473125f529eade71"}
,"/home/vemla/dbwebb-kurser/vteam/fenix/services/rest-api/src/routes/addDataRoutes.js": {"path":"/home/vemla/dbwebb-kurser/vteam/fenix/services/rest-api/src/routes/addDataRoutes.js","statementMap":{"0":{"start":{"line":4,"column":15},"end":{"line":4,"column":31}},"1":{"start":{"line":6,"column":0},"end":{"line":8,"column":3}},"2":{"start":{"line":7,"column":4},"end":{"line":7,"column":36}},"3":{"start":{"line":12,"column":0},"end":{"line":38,"column":3}},"4":{"start":{"line":13,"column":18},"end":{"line":13,"column":31}},"5":{"start":{"line":33,"column":19},"end":{"line":33,"column":56}},"6":{"start":{"line":37,"column":4},"end":{"line":37,"column":21}},"7":{"start":{"line":41,"column":0},"end":{"line":99,"column":3}},"8":{"start":{"line":42,"column":16},"end":{"line":42,"column":30}},"9":{"start":{"line":43,"column":15},"end":{"line":43,"column":28}},"10":{"start":{"line":96,"column":19},"end":{"line":96,"column":65}},"11":{"start":{"line":98,"column":4},"end":{"line":98,"column":21}},"12":{"start":{"line":102,"column":0},"end":{"line":120,"column":3}},"13":{"start":{"line":103,"column":18},"end":{"line":103,"column":31}},"14":{"start":{"line":117,"column":19},"end":{"line":117,"column":53}},"15":{"start":{"line":119,"column":4},"end":{"line":119,"column":21}}},"fnMap":{"0":{"name":"(anonymous_0)","decl":{"start":{"line":6,"column":16},"end":{"line":6,"column":17}},"loc":{"start":{"line":6,"column":36},"end":{"line":8,"column":1}},"line":6},"1":{"name":"(anonymous_1)","decl":{"start":{"line":12,"column":21},"end":{"line":12,"column":22}},"loc":{"start":{"line":12,"column":41},"end":{"line":38,"column":1}},"line":12},"2":{"name":"(anonymous_2)","decl":{"start":{"line":41,"column":27},"end":{"line":41,"column":28}},"loc":{"start":{"line":41,"column":47},"end":{"line":99,"column":1}},"line":41},"3":{"name":"(anonymous_3)","decl":{"start":{"line":102,"column":21},"end":{"line":102,"column":22}},"loc":{"start":{"line":102,"column":41},"end":{"line":120,"column":1}},"line":102}},"branchMap":{},"s":{"0":3,"1":3,"2":0,"3":3,"4":0,"5":0,"6":0,"7":3,"8":0,"9":0,"10":0,"11":0,"12":3,"13":0,"14":0,"15":0},"f":{"0":0,"1":0,"2":0,"3":0},"b":{},"inputSourceMap":null,"_coverageSchema":"1a1c01bbd47fc00a2c39e90264f33305004495a9","hash":"d51a4b394f2102e8c03ce29355206ffa0f996c66"}
,"/home/vemla/dbwebb-kurser/vteam/fenix/services/rest-api/src/routes/authRoutes.js": {"path":"/home/vemla/dbwebb-kurser/vteam/fenix/services/rest-api/src/routes/authRoutes.js","statementMap":{"0":{"start":{"line":5,"column":15},"end":{"line":5,"column":31}},"1":{"start":{"line":7,"column":0},"end":{"line":9,"column":3}},"2":{"start":{"line":8,"column":4},"end":{"line":8,"column":31}},"3":{"start":{"line":11,"column":0},"end":{"line":16,"column":3}},"4":{"start":{"line":12,"column":4},"end":{"line":15,"column":7}},"5":{"start":{"line":18,"column":0},"end":{"line":120,"column":3}},"6":{"start":{"line":19,"column":17},"end":{"line":19,"column":31}},"7":{"start":{"line":20,"column":17},"end":{"line":20,"column":38}},"8":{"start":{"line":22,"column":4},"end":{"line":24,"column":5}},"9":{"start":{"line":23,"column":8},"end":{"line":23,"column":67}},"10":{"start":{"line":26,"column":21},"end":{"line":26,"column":49}},"11":{"start":{"line":27,"column":25},"end":{"line":27,"column":57}},"12":{"start":{"line":29,"column":4},"end":{"line":119,"column":5}},"13":{"start":{"line":30,"column":30},"end":{"line":42,"column":9}},"14":{"start":{"line":44,"column":28},"end":{"line":44,"column":59}},"15":{"start":{"line":46,"column":29},"end":{"line":50,"column":10}},"16":{"start":{"line":52,"column":27},"end":{"line":52,"column":44}},"17":{"start":{"line":54,"column":21},"end":{"line":54,"column":59}},"18":{"start":{"line":57,"column":8},"end":{"line":69,"column":9}},"19":{"start":{"line":58,"column":12},"end":{"line":58,"column":58}},"20":{"start":{"line":59,"column":28},"end":{"line":66,"column":13}},"21":{"start":{"line":68,"column":12},"end":{"line":68,"column":38}},"22":{"start":{"line":71,"column":8},"end":{"line":112,"column":9}},"23":{"start":{"line":72,"column":25},"end":{"line":72,"column":63}},"24":{"start":{"line":74,"column":12},"end":{"line":86,"column":13}},"25":{"start":{"line":75,"column":16},"end":{"line":75,"column":62}},"26":{"start":{"line":76,"column":32},"end":{"line":83,"column":17}},"27":{"start":{"line":85,"column":16},"end":{"line":85,"column":42}},"28":{"start":{"line":89,"column":12},"end":{"line":105,"column":13}},"29":{"start":{"line":90,"column":16},"end":{"line":102,"column":18}},"30":{"start":{"line":104,"column":16},"end":{"line":104,"column":61}},"31":{"start":{"line":107,"column":12},"end":{"line":107,"column":63}},"32":{"start":{"line":109,"column":12},"end":{"line":111,"column":13}},"33":{"start":{"line":110,"column":16},"end":{"line":110,"column":73}},"34":{"start":{"line":114,"column":8},"end":{"line":114,"column":59}},"35":{"start":{"line":116,"column":8},"end":{"line":118,"column":9}},"36":{"start":{"line":117,"column":12},"end":{"line":117,"column":69}}},"fnMap":{"0":{"name":"(anonymous_0)","decl":{"start":{"line":7,"column":16},"end":{"line":7,"column":17}},"loc":{"start":{"line":7,"column":36},"end":{"line":9,"column":1}},"line":7},"1":{"name":"(anonymous_1)","decl":{"start":{"line":11,"column":19},"end":{"line":11,"column":20}},"loc":{"start":{"line":11,"column":33},"end":{"line":16,"column":1}},"line":11},"2":{"name":"(anonymous_2)","decl":{"start":{"line":18,"column":20},"end":{"line":18,"column":21}},"loc":{"start":{"line":18,"column":40},"end":{"line":120,"column":1}},"line":18}},"branchMap":{"0":{"loc":{"start":{"line":20,"column":17},"end":{"line":20,"column":38}},"type":"binary-expr","locations":[{"start":{"line":20,"column":17},"end":{"line":20,"column":31}},{"start":{"line":20,"column":35},"end":{"line":20,"column":38}}],"line":20},"1":{"loc":{"start":{"line":22,"column":4},"end":{"line":24,"column":5}},"type":"if","locations":[{"start":{"line":22,"column":4},"end":{"line":24,"column":5}},{"start":{},"end":{}}],"line":22},"2":{"loc":{"start":{"line":57,"column":8},"end":{"line":69,"column":9}},"type":"if","locations":[{"start":{"line":57,"column":8},"end":{"line":69,"column":9}},{"start":{},"end":{}}],"line":57},"3":{"loc":{"start":{"line":60,"column":22},"end":{"line":60,"column":57}},"type":"binary-expr","locations":[{"start":{"line":60,"column":22},"end":{"line":60,"column":37}},{"start":{"line":60,"column":41},"end":{"line":60,"column":57}}],"line":60},"4":{"loc":{"start":{"line":74,"column":12},"end":{"line":86,"column":13}},"type":"if","locations":[{"start":{"line":74,"column":12},"end":{"line":86,"column":13}},{"start":{},"end":{}}],"line":74},"5":{"loc":{"start":{"line":77,"column":26},"end":{"line":77,"column":61}},"type":"binary-expr","locations":[{"start":{"line":77,"column":26},"end":{"line":77,"column":41}},{"start":{"line":77,"column":45},"end":{"line":77,"column":61}}],"line":77},"6":{"loc":{"start":{"line":89,"column":12},"end":{"line":105,"column":13}},"type":"if","locations":[{"start":{"line":89,"column":12},"end":{"line":105,"column":13}},{"start":{},"end":{}}],"line":89},"7":{"loc":{"start":{"line":93,"column":30},"end":{"line":93,"column":65}},"type":"binary-expr","locations":[{"start":{"line":93,"column":30},"end":{"line":93,"column":45}},{"start":{"line":93,"column":49},"end":{"line":93,"column":65}}],"line":93},"8":{"loc":{"start":{"line":109,"column":12},"end":{"line":111,"column":13}},"type":"if","locations":[{"start":{"line":109,"column":12},"end":{"line":111,"column":13}},{"start":{},"end":{}}],"line":109},"9":{"loc":{"start":{"line":116,"column":8},"end":{"line":118,"column":9}},"type":"if","locations":[{"start":{"line":116,"column":8},"end":{"line":118,"column":9}},{"start":{},"end":{}}],"line":116}},"s":{"0":3,"1":3,"2":0,"3":3,"4":0,"5":3,"6":0,"7":0,"8":0,"9":0,"10":0,"11":0,"12":0,"13":0,"14":0,"15":0,"16":0,"17":0,"18":0,"19":0,"20":0,"21":0,"22":0,"23":0,"24":0,"25":0,"26":0,"27":0,"28":0,"29":0,"30":0,"31":0,"32":0,"33":0,"34":0,"35":0,"36":0},"f":{"0":0,"1":0,"2":0},"b":{"0":[0,0],"1":[0,0],"2":[0,0],"3":[0,0],"4":[0,0],"5":[0,0],"6":[0,0],"7":[0,0],"8":[0,0],"9":[0,0]},"inputSourceMap":null,"_coverageSchema":"1a1c01bbd47fc00a2c39e90264f33305004495a9","hash":"7553b67e6c40c5376cf1a19ad1d8458b28aa02fd"}
,"/home/vemla/dbwebb-kurser/vteam/fenix/services/rest-api/src/routes/getDataRoutes.js": {"path":"/home/vemla/dbwebb-kurser/vteam/fenix/services/rest-api/src/routes/getDataRoutes.js","statementMap":{"0":{"start":{"line":11,"column":15},"end":{"line":11,"column":31}},"1":{"start":{"line":14,"column":0},"end":{"line":16,"column":3}},"2":{"start":{"line":15,"column":4},"end":{"line":15,"column":35}},"3":{"start":{"line":18,"column":0},"end":{"line":22,"column":3}},"4":{"start":{"line":19,"column":19},"end":{"line":19,"column":36}},"5":{"start":{"line":21,"column":4},"end":{"line":21,"column":21}},"6":{"start":{"line":25,"column":0},"end":{"line":29,"column":3}},"7":{"start":{"line":26,"column":19},"end":{"line":26,"column":50}},"8":{"start":{"line":28,"column":4},"end":{"line":28,"column":21}},"9":{"start":{"line":31,"column":0},"end":{"line":35,"column":3}},"10":{"start":{"line":32,"column":19},"end":{"line":32,"column":35}},"11":{"start":{"line":34,"column":4},"end":{"line":34,"column":21}},"12":{"start":{"line":38,"column":0},"end":{"line":43,"column":3}},"13":{"start":{"line":39,"column":18},"end":{"line":39,"column":34}},"14":{"start":{"line":40,"column":19},"end":{"line":40,"column":46}},"15":{"start":{"line":42,"column":4},"end":{"line":42,"column":21}},"16":{"start":{"line":45,"column":0},"end":{"line":49,"column":3}},"17":{"start":{"line":46,"column":19},"end":{"line":46,"column":35}},"18":{"start":{"line":48,"column":4},"end":{"line":48,"column":21}},"19":{"start":{"line":52,"column":0},"end":{"line":71,"column":3}},"20":{"start":{"line":53,"column":17},"end":{"line":53,"column":36}},"21":{"start":{"line":54,"column":19},"end":{"line":54,"column":41}},"22":{"start":{"line":55,"column":18},"end":{"line":55,"column":19}},"23":{"start":{"line":56,"column":17},"end":{"line":56,"column":35}},"24":{"start":{"line":59,"column":19},"end":{"line":59,"column":79}},"25":{"start":{"line":61,"column":4},"end":{"line":70,"column":5}},"26":{"start":{"line":62,"column":22},"end":{"line":62,"column":79}},"27":{"start":{"line":63,"column":27},"end":{"line":63,"column":73}},"28":{"start":{"line":64,"column":27},"end":{"line":64,"column":56}},"29":{"start":{"line":66,"column":8},"end":{"line":66,"column":40}},"30":{"start":{"line":68,"column":8},"end":{"line":68,"column":54}},"31":{"start":{"line":69,"column":8},"end":{"line":69,"column":53}},"32":{"start":{"line":73,"column":0},"end":{"line":78,"column":3}},"33":{"start":{"line":74,"column":17},"end":{"line":74,"column":32}},"34":{"start":{"line":75,"column":19},"end":{"line":75,"column":60}},"35":{"start":{"line":77,"column":4},"end":{"line":77,"column":21}},"36":{"start":{"line":80,"column":0},"end":{"line":85,"column":3}},"37":{"start":{"line":81,"column":19},"end":{"line":81,"column":37}},"38":{"start":{"line":82,"column":19},"end":{"line":82,"column":49}},"39":{"start":{"line":84,"column":4},"end":{"line":84,"column":21}},"40":{"start":{"line":88,"column":0},"end":{"line":93,"column":3}},"41":{"start":{"line":89,"column":17},"end":{"line":89,"column":32}},"42":{"start":{"line":90,"column":19},"end":{"line":90,"column":41}},"43":{"start":{"line":92,"column":4},"end":{"line":92,"column":21}},"44":{"start":{"line":96,"column":0},"end":{"line":100,"column":3}},"45":{"start":{"line":97,"column":19},"end":{"line":97,"column":40}},"46":{"start":{"line":99,"column":4},"end":{"line":99,"column":21}},"47":{"start":{"line":103,"column":0},"end":{"line":108,"column":3}},"48":{"start":{"line":104,"column":17},"end":{"line":104,"column":32}},"49":{"start":{"line":105,"column":19},"end":{"line":105,"column":50}},"50":{"start":{"line":107,"column":4},"end":{"line":107,"column":21}},"51":{"start":{"line":111,"column":0},"end":{"line":115,"column":3}},"52":{"start":{"line":112,"column":19},"end":{"line":112,"column":49}},"53":{"start":{"line":114,"column":4},"end":{"line":114,"column":21}},"54":{"start":{"line":118,"column":0},"end":{"line":123,"column":3}},"55":{"start":{"line":119,"column":15},"end":{"line":119,"column":28}},"56":{"start":{"line":120,"column":19},"end":{"line":120,"column":36}},"57":{"start":{"line":122,"column":4},"end":{"line":122,"column":21}}},"fnMap":{"0":{"name":"(anonymous_0)","decl":{"start":{"line":14,"column":16},"end":{"line":14,"column":17}},"loc":{"start":{"line":14,"column":36},"end":{"line":16,"column":1}},"line":14},"1":{"name":"(anonymous_1)","decl":{"start":{"line":18,"column":26},"end":{"line":18,"column":27}},"loc":{"start":{"line":18,"column":46},"end":{"line":22,"column":1}},"line":18},"2":{"name":"(anonymous_2)","decl":{"start":{"line":25,"column":25},"end":{"line":25,"column":26}},"loc":{"start":{"line":25,"column":45},"end":{"line":29,"column":1}},"line":25},"3":{"name":"(anonymous_3)","decl":{"start":{"line":31,"column":25},"end":{"line":31,"column":26}},"loc":{"start":{"line":31,"column":45},"end":{"line":35,"column":1}},"line":31},"4":{"name":"(anonymous_4)","decl":{"start":{"line":38,"column":27},"end":{"line":38,"column":28}},"loc":{"start":{"line":38,"column":47},"end":{"line":43,"column":1}},"line":38},"5":{"name":"(anonymous_5)","decl":{"start":{"line":45,"column":25},"end":{"line":45,"column":26}},"loc":{"start":{"line":45,"column":45},"end":{"line":49,"column":1}},"line":45},"6":{"name":"(anonymous_6)","decl":{"start":{"line":52,"column":36},"end":{"line":52,"column":37}},"loc":{"start":{"line":52,"column":56},"end":{"line":71,"column":1}},"line":52},"7":{"name":"(anonymous_7)","decl":{"start":{"line":73,"column":39},"end":{"line":73,"column":40}},"loc":{"start":{"line":73,"column":59},"end":{"line":78,"column":1}},"line":73},"8":{"name":"(anonymous_8)","decl":{"start":{"line":80,"column":37},"end":{"line":80,"column":38}},"loc":{"start":{"line":80,"column":57},"end":{"line":85,"column":1}},"line":80},"9":{"name":"(anonymous_9)","decl":{"start":{"line":88,"column":40},"end":{"line":88,"column":41}},"loc":{"start":{"line":88,"column":60},"end":{"line":93,"column":1}},"line":88},"10":{"name":"(anonymous_10)","decl":{"start":{"line":96,"column":33},"end":{"line":96,"column":34}},"loc":{"start":{"line":96,"column":53},"end":{"line":100,"column":1}},"line":96},"11":{"name":"(anonymous_11)","decl":{"start":{"line":103,"column":44},"end":{"line":103,"column":45}},"loc":{"start":{"line":103,"column":64},"end":{"line":108,"column":1}},"line":103},"12":{"name":"(anonymous_12)","decl":{"start":{"line":111,"column":37},"end":{"line":111,"column":38}},"loc":{"start":{"line":111,"column":57},"end":{"line":115,"column":1}},"line":111},"13":{"name":"(anonymous_13)","decl":{"start":{"line":118,"column":24},"end":{"line":118,"column":25}},"loc":{"start":{"line":118,"column":44},"end":{"line":123,"column":1}},"line":118}},"branchMap":{"0":{"loc":{"start":{"line":53,"column":17},"end":{"line":53,"column":36}},"type":"binary-expr","locations":[{"start":{"line":53,"column":17},"end":{"line":53,"column":31}},{"start":{"line":53,"column":35},"end":{"line":53,"column":36}}],"line":53},"1":{"loc":{"start":{"line":54,"column":19},"end":{"line":54,"column":41}},"type":"binary-expr","locations":[{"start":{"line":54,"column":19},"end":{"line":54,"column":35}},{"start":{"line":54,"column":39},"end":{"line":54,"column":41}}],"line":54},"2":{"loc":{"start":{"line":59,"column":19},"end":{"line":59,"column":79}},"type":"cond-expr","locations":[{"start":{"line":59,"column":28},"end":{"line":59,"column":74}},{"start":{"line":59,"column":77},"end":{"line":59,"column":79}}],"line":59}},"s":{"0":3,"1":3,"2":1,"3":3,"4":1,"5":1,"6":3,"7":1,"8":1,"9":3,"10":1,"11":1,"12":3,"13":1,"14":1,"15":1,"16":3,"17":1,"18":1,"19":3,"20":0,"21":0,"22":0,"23":0,"24":0,"25":0,"26":0,"27":0,"28":0,"29":0,"30":0,"31":0,"32":3,"33":1,"34":1,"35":1,"36":3,"37":7,"38":7,"39":7,"40":3,"41":1,"42":1,"43":1,"44":3,"45":1,"46":1,"47":3,"48":1,"49":1,"50":1,"51":3,"52":1,"53":1,"54":3,"55":1,"56":1,"57":1},"f":{"0":1,"1":1,"2":1,"3":1,"4":1,"5":1,"6":0,"7":1,"8":7,"9":1,"10":1,"11":1,"12":1,"13":1},"b":{"0":[0,0],"1":[0,0],"2":[0,0]},"inputSourceMap":null,"_coverageSchema":"1a1c01bbd47fc00a2c39e90264f33305004495a9","hash":"854a6d22b59a2a3cd67c56abd8e76852f8665d22"}
,"/home/vemla/dbwebb-kurser/vteam/fenix/services/rest-api/src/routes/serviceRoutes.js": {"path":"/home/vemla/dbwebb-kurser/vteam/fenix/services/rest-api/src/routes/serviceRoutes.js","statementMap":{"0":{"start":{"line":8,"column":15},"end":{"line":8,"column":31}},"1":{"start":{"line":10,"column":0},"end":{"line":12,"column":3}},"2":{"start":{"line":11,"column":4},"end":{"line":11,"column":35}},"3":{"start":{"line":14,"column":0},"end":{"line":21,"column":3}},"4":{"start":{"line":15,"column":17},"end":{"line":15,"column":33}},"5":{"start":{"line":18,"column":19},"end":{"line":18,"column":50}},"6":{"start":{"line":20,"column":4},"end":{"line":20,"column":21}},"7":{"start":{"line":23,"column":0},"end":{"line":30,"column":3}},"8":{"start":{"line":24,"column":17},"end":{"line":24,"column":33}},"9":{"start":{"line":27,"column":19},"end":{"line":27,"column":48}},"10":{"start":{"line":29,"column":4},"end":{"line":29,"column":21}},"11":{"start":{"line":32,"column":0},"end":{"line":37,"column":3}},"12":{"start":{"line":33,"column":19},"end":{"line":33,"column":35}},"13":{"start":{"line":34,"column":19},"end":{"line":34,"column":44}},"14":{"start":{"line":36,"column":4},"end":{"line":36,"column":21}},"15":{"start":{"line":39,"column":0},"end":{"line":44,"column":3}},"16":{"start":{"line":40,"column":19},"end":{"line":40,"column":35}},"17":{"start":{"line":41,"column":19},"end":{"line":41,"column":48}},"18":{"start":{"line":43,"column":4},"end":{"line":43,"column":21}}},"fnMap":{"0":{"name":"(anonymous_0)","decl":{"start":{"line":10,"column":16},"end":{"line":10,"column":17}},"loc":{"start":{"line":10,"column":36},"end":{"line":12,"column":1}},"line":10},"1":{"name":"(anonymous_1)","decl":{"start":{"line":14,"column":21},"end":{"line":14,"column":22}},"loc":{"start":{"line":14,"column":41},"end":{"line":21,"column":1}},"line":14},"2":{"name":"(anonymous_2)","decl":{"start":{"line":23,"column":30},"end":{"line":23,"column":31}},"loc":{"start":{"line":23,"column":50},"end":{"line":30,"column":1}},"line":23},"3":{"name":"(anonymous_3)","decl":{"start":{"line":32,"column":23},"end":{"line":32,"column":24}},"loc":{"start":{"line":32,"column":43},"end":{"line":37,"column":1}},"line":32},"4":{"name":"(anonymous_4)","decl":{"start":{"line":39,"column":28},"end":{"line":39,"column":29}},"loc":{"start":{"line":39,"column":48},"end":{"line":44,"column":1}},"line":39}},"branchMap":{},"s":{"0":3,"1":3,"2":1,"3":3,"4":1,"5":1,"6":1,"7":3,"8":1,"9":1,"10":1,"11":3,"12":1,"13":1,"14":1,"15":3,"16":1,"17":1,"18":1},"f":{"0":1,"1":1,"2":1,"3":1,"4":1},"b":{},"inputSourceMap":null,"_coverageSchema":"1a1c01bbd47fc00a2c39e90264f33305004495a9","hash":"ef5637ec47b39420e957bf949bc8881912f11a33"}
,"/home/vemla/dbwebb-kurser/vteam/fenix/services/rest-api/src/routes/testRoutes.js": {"path":"/home/vemla/dbwebb-kurser/vteam/fenix/services/rest-api/src/routes/testRoutes.js","statementMap":{"0":{"start":{"line":13,"column":15},"end":{"line":13,"column":31}},"1":{"start":{"line":15,"column":0},"end":{"line":17,"column":3}},"2":{"start":{"line":16,"column":4},"end":{"line":16,"column":32}},"3":{"start":{"line":19,"column":0},"end":{"line":26,"column":3}},"4":{"start":{"line":20,"column":17},"end":{"line":20,"column":33}},"5":{"start":{"line":23,"column":19},"end":{"line":23,"column":55}},"6":{"start":{"line":25,"column":4},"end":{"line":25,"column":21}},"7":{"start":{"line":29,"column":0},"end":{"line":34,"column":3}},"8":{"start":{"line":30,"column":20},"end":{"line":30,"column":54}},"9":{"start":{"line":31,"column":20},"end":{"line":31,"column":54}},"10":{"start":{"line":33,"column":4},"end":{"line":33,"column":33}},"11":{"start":{"line":37,"column":0},"end":{"line":46,"column":3}},"12":{"start":{"line":38,"column":17},"end":{"line":38,"column":33}},"13":{"start":{"line":39,"column":19},"end":{"line":39,"column":36}},"14":{"start":{"line":42,"column":19},"end":{"line":42,"column":62}},"15":{"start":{"line":44,"column":4},"end":{"line":44,"column":21}},"16":{"start":{"line":48,"column":0},"end":{"line":62,"column":3}},"17":{"start":{"line":49,"column":17},"end":{"line":49,"column":34}},"18":{"start":{"line":57,"column":19},"end":{"line":57,"column":50}},"19":{"start":{"line":59,"column":4},"end":{"line":59,"column":30}}},"fnMap":{"0":{"name":"(anonymous_0)","decl":{"start":{"line":15,"column":16},"end":{"line":15,"column":17}},"loc":{"start":{"line":15,"column":36},"end":{"line":17,"column":1}},"line":15},"1":{"name":"(anonymous_1)","decl":{"start":{"line":19,"column":23},"end":{"line":19,"column":24}},"loc":{"start":{"line":19,"column":43},"end":{"line":26,"column":1}},"line":19},"2":{"name":"(anonymous_2)","decl":{"start":{"line":29,"column":24},"end":{"line":29,"column":25}},"loc":{"start":{"line":29,"column":44},"end":{"line":34,"column":1}},"line":29},"3":{"name":"(anonymous_3)","decl":{"start":{"line":37,"column":32},"end":{"line":37,"column":33}},"loc":{"start":{"line":37,"column":52},"end":{"line":46,"column":1}},"line":37},"4":{"name":"(anonymous_4)","decl":{"start":{"line":48,"column":39},"end":{"line":48,"column":40}},"loc":{"start":{"line":48,"column":59},"end":{"line":62,"column":1}},"line":48}},"branchMap":{},"s":{"0":3,"1":3,"2":0,"3":3,"4":0,"5":0,"6":0,"7":3,"8":0,"9":0,"10":0,"11":3,"12":0,"13":0,"14":0,"15":0,"16":3,"17":0,"18":0,"19":0},"f":{"0":0,"1":0,"2":0,"3":0,"4":0},"b":{},"inputSourceMap":null,"_coverageSchema":"1a1c01bbd47fc00a2c39e90264f33305004495a9","hash":"9ade9b8e46eba8b538f57ca02beb9ebeb0ea34fb"}
,"/home/vemla/dbwebb-kurser/vteam/fenix/services/rest-api/src/routes/tripRoutes.js": {"path":"/home/vemla/dbwebb-kurser/vteam/fenix/services/rest-api/src/routes/tripRoutes.js","statementMap":{"0":{"start":{"line":7,"column":15},"end":{"line":7,"column":31}},"1":{"start":{"line":9,"column":0},"end":{"line":11,"column":3}},"2":{"start":{"line":10,"column":4},"end":{"line":10,"column":31}},"3":{"start":{"line":13,"column":0},"end":{"line":21,"column":3}},"4":{"start":{"line":14,"column":19},"end":{"line":14,"column":35}},"5":{"start":{"line":15,"column":19},"end":{"line":15,"column":35}},"6":{"start":{"line":17,"column":19},"end":{"line":17,"column":53}},"7":{"start":{"line":18,"column":19},"end":{"line":18,"column":59}},"8":{"start":{"line":20,"column":4},"end":{"line":20,"column":21}},"9":{"start":{"line":23,"column":0},"end":{"line":30,"column":3}},"10":{"start":{"line":24,"column":19},"end":{"line":24,"column":35}},"11":{"start":{"line":25,"column":19},"end":{"line":25,"column":35}},"12":{"start":{"line":27,"column":19},"end":{"line":27,"column":50}},"13":{"start":{"line":29,"column":4},"end":{"line":29,"column":21}}},"fnMap":{"0":{"name":"(anonymous_0)","decl":{"start":{"line":9,"column":16},"end":{"line":9,"column":17}},"loc":{"start":{"line":9,"column":36},"end":{"line":11,"column":1}},"line":9},"1":{"name":"(anonymous_1)","decl":{"start":{"line":13,"column":22},"end":{"line":13,"column":23}},"loc":{"start":{"line":13,"column":42},"end":{"line":21,"column":1}},"line":13},"2":{"name":"(anonymous_2)","decl":{"start":{"line":23,"column":20},"end":{"line":23,"column":21}},"loc":{"start":{"line":23,"column":40},"end":{"line":30,"column":1}},"line":23}},"branchMap":{},"s":{"0":3,"1":3,"2":1,"3":3,"4":1,"5":1,"6":1,"7":1,"8":1,"9":3,"10":1,"11":1,"12":1,"13":1},"f":{"0":1,"1":1,"2":1},"b":{},"inputSourceMap":null,"_coverageSchema":"1a1c01bbd47fc00a2c39e90264f33305004495a9","hash":"2ef74632a809a37fe8196a30c1655a4cd5b05879"}
}
