{"/home/vemla/dbwebb-kurser/vteam/fenix/services/rest-api/src/app.js": {"path":"/home/vemla/dbwebb-kurser/vteam/fenix/services/rest-api/src/app.js","statementMap":{"0":{"start":{"line":32,"column":0},"end":{"line":32,"column":16}},"1":{"start":{"line":34,"column":0},"end":{"line":36,"column":1}},"2":{"start":{"line":35,"column":4},"end":{"line":35,"column":46}},"3":{"start":{"line":39,"column":12},"end":{"line":39,"column":21}},"4":{"start":{"line":41,"column":0},"end":{"line":41,"column":24}},"5":{"start":{"line":42,"column":0},"end":{"line":42,"column":48}},"6":{"start":{"line":43,"column":0},"end":{"line":45,"column":4}},"7":{"start":{"line":46,"column":0},"end":{"line":46,"column":18}},"8":{"start":{"line":48,"column":0},"end":{"line":48,"column":21}},"9":{"start":{"line":49,"column":0},"end":{"line":49,"column":21}},"10":{"start":{"line":50,"column":0},"end":{"line":50,"column":29}},"11":{"start":{"line":51,"column":0},"end":{"line":51,"column":23}},"12":{"start":{"line":52,"column":0},"end":{"line":52,"column":23}},"13":{"start":{"line":53,"column":0},"end":{"line":53,"column":27}},"14":{"start":{"line":54,"column":0},"end":{"line":54,"column":23}},"15":{"start":{"line":55,"column":0},"end":{"line":55,"column":33}},"16":{"start":{"line":58,"column":0},"end":{"line":58,"column":23}},"17":{"start":{"line":60,"column":19},"end":{"line":60,"column":36}},"18":{"start":{"line":62,"column":11},"end":{"line":66,"column":2}},"19":{"start":{"line":68,"column":0},"end":{"line":70,"column":3}},"20":{"start":{"line":69,"column":4},"end":{"line":69,"column":44}},"21":{"start":{"line":73,"column":0},"end":{"line":77,"column":3}},"22":{"start":{"line":74,"column":19},"end":{"line":74,"column":35}},"23":{"start":{"line":76,"column":4},"end":{"line":76,"column":21}},"24":{"start":{"line":81,"column":20},"end":{"line":110,"column":1}},"25":{"start":{"line":82,"column":4},"end":{"line":109,"column":5}},"26":{"start":{"line":85,"column":23},"end":{"line":85,"column":162}},"27":{"start":{"line":87,"column":8},"end":{"line":90,"column":9}},"28":{"start":{"line":89,"column":12},"end":{"line":89,"column":56}},"29":{"start":{"line":92,"column":8},"end":{"line":95,"column":9}},"30":{"start":{"line":94,"column":12},"end":{"line":94,"column":62}},"31":{"start":{"line":97,"column":8},"end":{"line":97,"column":42}},"32":{"start":{"line":100,"column":21},"end":{"line":100,"column":45}},"33":{"start":{"line":102,"column":8},"end":{"line":106,"column":9}},"34":{"start":{"line":103,"column":12},"end":{"line":105,"column":15}},"35":{"start":{"line":104,"column":16},"end":{"line":104,"column":65}},"36":{"start":{"line":108,"column":8},"end":{"line":108,"column":53}},"37":{"start":{"line":113,"column":0},"end":{"line":113,"column":20}},"38":{"start":{"line":115,"column":0},"end":{"line":115,"column":33}},"39":{"start":{"line":117,"column":0},"end":{"line":120,"column":1}},"40":{"start":{"line":118,"column":4},"end":{"line":118,"column":75}},"41":{"start":{"line":119,"column":4},"end":{"line":119,"column":30}},"42":{"start":{"line":122,"column":0},"end":{"line":136,"column":1}},"43":{"start":{"line":123,"column":4},"end":{"line":135,"column":7}},"44":{"start":{"line":124,"column":8},"end":{"line":124,"column":31}},"45":{"start":{"line":126,"column":8},"end":{"line":133,"column":17}},"46":{"start":{"line":127,"column":12},"end":{"line":127,"column":41}},"47":{"start":{"line":128,"column":27},"end":{"line":128,"column":58}},"48":{"start":{"line":130,"column":12},"end":{"line":130,"column":63}},"49":{"start":{"line":131,"column":12},"end":{"line":131,"column":53}}},"fnMap":{"0":{"name":"(anonymous_0)","decl":{"start":{"line":68,"column":13},"end":{"line":68,"column":14}},"loc":{"start":{"line":68,"column":27},"end":{"line":70,"column":1}},"line":68},"1":{"name":"(anonymous_1)","decl":{"start":{"line":73,"column":18},"end":{"line":73,"column":19}},"loc":{"start":{"line":73,"column":38},"end":{"line":77,"column":1}},"line":73},"2":{"name":"(anonymous_2)","decl":{"start":{"line":81,"column":20},"end":{"line":81,"column":21}},"loc":{"start":{"line":81,"column":32},"end":{"line":110,"column":1}},"line":81},"3":{"name":"(anonymous_3)","decl":{"start":{"line":103,"column":36},"end":{"line":103,"column":37}},"loc":{"start":{"line":103,"column":42},"end":{"line":105,"column":13}},"line":103},"4":{"name":"(anonymous_4)","decl":{"start":{"line":123,"column":32},"end":{"line":123,"column":33}},"loc":{"start":{"line":123,"column":56},"end":{"line":135,"column":5}},"line":123},"5":{"name":"(anonymous_5)","decl":{"start":{"line":126,"column":20},"end":{"line":126,"column":21}},"loc":{"start":{"line":126,"column":32},"end":{"line":133,"column":9}},"line":126}},"branchMap":{"0":{"loc":{"start":{"line":34,"column":0},"end":{"line":36,"column":1}},"type":"if","locations":[{"start":{"line":34,"column":0},"end":{"line":36,"column":1}},{"start":{},"end":{}}],"line":34},"1":{"loc":{"start":{"line":87,"column":8},"end":{"line":90,"column":9}},"type":"if","locations":[{"start":{"line":87,"column":8},"end":{"line":90,"column":9}},{"start":{},"end":{}}],"line":87},"2":{"loc":{"start":{"line":92,"column":8},"end":{"line":95,"column":9}},"type":"if","locations":[{"start":{"line":92,"column":8},"end":{"line":95,"column":9}},{"start":{},"end":{}}],"line":92},"3":{"loc":{"start":{"line":100,"column":21},"end":{"line":100,"column":45}},"type":"binary-expr","locations":[{"start":{"line":100,"column":21},"end":{"line":100,"column":37}},{"start":{"line":100,"column":41},"end":{"line":100,"column":45}}],"line":100},"4":{"loc":{"start":{"line":102,"column":8},"end":{"line":106,"column":9}},"type":"if","locations":[{"start":{"line":102,"column":8},"end":{"line":106,"column":9}},{"start":{},"end":{}}],"line":102},"5":{"loc":{"start":{"line":117,"column":0},"end":{"line":120,"column":1}},"type":"if","locations":[{"start":{"line":117,"column":0},"end":{"line":120,"column":1}},{"start":{},"end":{}}],"line":117},"6":{"loc":{"start":{"line":122,"column":0},"end":{"line":136,"column":1}},"type":"if","locations":[{"start":{"line":122,"column":0},"end":{"line":136,"column":1}},{"start":{},"end":{}}],"line":122}},"s":{"0":6,"1":6,"2":0,"3":6,"4":6,"5":6,"6":6,"7":6,"8":6,"9":6,"10":6,"11":6,"12":6,"13":6,"14":6,"15":6,"16":6,"17":6,"18":6,"19":6,"20":1,"21":6,"22":0,"23":0,"24":6,"25":6,"26":6,"27":6,"28":6,"29":6,"30":0,"31":6,"32":6,"33":6,"34":0,"35":0,"36":0,"37":6,"38":6,"39":6,"40":0,"41":0,"42":6,"43":0,"44":0,"45":0,"46":0,"47":0,"48":0,"49":0},"f":{"0":1,"1":0,"2":6,"3":0,"4":0,"5":0},"b":{"0":[0,6],"1":[6,0],"2":[0,6],"3":[6,0],"4":[0,6],"5":[0,6],"6":[0,6]},"_coverageSchema":"1a1c01bbd47fc00a2c39e90264f33305004495a9","hash":"53020d6dd12419530ac3523a360a3923ac21ece7"}
,"/home/vemla/dbwebb-kurser/vteam/fenix/services/rest-api/src/routes/addDataRoutes.js": {"path":"/home/vemla/dbwebb-kurser/vteam/fenix/services/rest-api/src/routes/addDataRoutes.js","statementMap":{"0":{"start":{"line":4,"column":15},"end":{"line":4,"column":31}},"1":{"start":{"line":6,"column":0},"end":{"line":8,"column":3}},"2":{"start":{"line":7,"column":4},"end":{"line":7,"column":36}},"3":{"start":{"line":12,"column":0},"end":{"line":38,"column":3}},"4":{"start":{"line":13,"column":18},"end":{"line":13,"column":31}},"5":{"start":{"line":33,"column":19},"end":{"line":33,"column":56}},"6":{"start":{"line":37,"column":4},"end":{"line":37,"column":21}},"7":{"start":{"line":41,"column":0},"end":{"line":99,"column":3}},"8":{"start":{"line":42,"column":16},"end":{"line":42,"column":30}},"9":{"start":{"line":43,"column":15},"end":{"line":43,"column":28}},"10":{"start":{"line":96,"column":19},"end":{"line":96,"column":65}},"11":{"start":{"line":98,"column":4},"end":{"line":98,"column":21}},"12":{"start":{"line":102,"column":0},"end":{"line":120,"column":3}},"13":{"start":{"line":103,"column":18},"end":{"line":103,"column":31}},"14":{"start":{"line":117,"column":19},"end":{"line":117,"column":53}},"15":{"start":{"line":119,"column":4},"end":{"line":119,"column":21}}},"fnMap":{"0":{"name":"(anonymous_0)","decl":{"start":{"line":6,"column":16},"end":{"line":6,"column":17}},"loc":{"start":{"line":6,"column":36},"end":{"line":8,"column":1}},"line":6},"1":{"name":"(anonymous_1)","decl":{"start":{"line":12,"column":21},"end":{"line":12,"column":22}},"loc":{"start":{"line":12,"column":41},"end":{"line":38,"column":1}},"line":12},"2":{"name":"(anonymous_2)","decl":{"start":{"line":41,"column":27},"end":{"line":41,"column":28}},"loc":{"start":{"line":41,"column":47},"end":{"line":99,"column":1}},"line":41},"3":{"name":"(anonymous_3)","decl":{"start":{"line":102,"column":21},"end":{"line":102,"column":22}},"loc":{"start":{"line":102,"column":41},"end":{"line":120,"column":1}},"line":102}},"branchMap":{},"s":{"0":6,"1":6,"2":1,"3":6,"4":1,"5":1,"6":1,"7":6,"8":1,"9":1,"10":1,"11":1,"12":6,"13":1,"14":1,"15":1},"f":{"0":1,"1":1,"2":1,"3":1},"b":{},"_coverageSchema":"1a1c01bbd47fc00a2c39e90264f33305004495a9","hash":"d63d03eebf10245a58d4609f7d16c7bdae37d48c"}
,"/home/vemla/dbwebb-kurser/vteam/fenix/services/rest-api/src/routes/authRoutes.js": {"path":"/home/vemla/dbwebb-kurser/vteam/fenix/services/rest-api/src/routes/authRoutes.js","statementMap":{"0":{"start":{"line":8,"column":15},"end":{"line":8,"column":31}},"1":{"start":{"line":10,"column":0},"end":{"line":12,"column":3}},"2":{"start":{"line":11,"column":4},"end":{"line":11,"column":31}},"3":{"start":{"line":14,"column":0},"end":{"line":20,"column":3}},"4":{"start":{"line":15,"column":4},"end":{"line":19,"column":7}},"5":{"start":{"line":22,"column":0},"end":{"line":125,"column":3}},"6":{"start":{"line":23,"column":17},"end":{"line":23,"column":31}},"7":{"start":{"line":24,"column":17},"end":{"line":24,"column":38}},"8":{"start":{"line":26,"column":4},"end":{"line":28,"column":5}},"9":{"start":{"line":27,"column":8},"end":{"line":27,"column":67}},"10":{"start":{"line":30,"column":21},"end":{"line":30,"column":52}},"11":{"start":{"line":31,"column":25},"end":{"line":31,"column":60}},"12":{"start":{"line":33,"column":4},"end":{"line":124,"column":5}},"13":{"start":{"line":34,"column":30},"end":{"line":46,"column":9}},"14":{"start":{"line":48,"column":28},"end":{"line":48,"column":59}},"15":{"start":{"line":50,"column":29},"end":{"line":54,"column":10}},"16":{"start":{"line":56,"column":27},"end":{"line":56,"column":44}},"17":{"start":{"line":58,"column":21},"end":{"line":58,"column":59}},"18":{"start":{"line":61,"column":8},"end":{"line":74,"column":9}},"19":{"start":{"line":62,"column":12},"end":{"line":62,"column":58}},"20":{"start":{"line":63,"column":28},"end":{"line":71,"column":13}},"21":{"start":{"line":73,"column":12},"end":{"line":73,"column":38}},"22":{"start":{"line":76,"column":8},"end":{"line":117,"column":9}},"23":{"start":{"line":77,"column":25},"end":{"line":77,"column":63}},"24":{"start":{"line":79,"column":12},"end":{"line":91,"column":13}},"25":{"start":{"line":80,"column":16},"end":{"line":80,"column":62}},"26":{"start":{"line":81,"column":32},"end":{"line":88,"column":17}},"27":{"start":{"line":90,"column":16},"end":{"line":90,"column":42}},"28":{"start":{"line":94,"column":12},"end":{"line":110,"column":13}},"29":{"start":{"line":95,"column":16},"end":{"line":107,"column":18}},"30":{"start":{"line":109,"column":16},"end":{"line":109,"column":61}},"31":{"start":{"line":112,"column":12},"end":{"line":112,"column":63}},"32":{"start":{"line":114,"column":12},"end":{"line":116,"column":13}},"33":{"start":{"line":115,"column":16},"end":{"line":115,"column":73}},"34":{"start":{"line":119,"column":8},"end":{"line":119,"column":59}},"35":{"start":{"line":121,"column":8},"end":{"line":123,"column":9}},"36":{"start":{"line":122,"column":12},"end":{"line":122,"column":69}},"37":{"start":{"line":127,"column":0},"end":{"line":157,"column":3}},"38":{"start":{"line":128,"column":16},"end":{"line":128,"column":34}},"39":{"start":{"line":129,"column":15},"end":{"line":129,"column":32}},"40":{"start":{"line":132,"column":4},"end":{"line":155,"column":5}},"41":{"start":{"line":133,"column":21},"end":{"line":133,"column":48}},"42":{"start":{"line":135,"column":8},"end":{"line":147,"column":9}},"43":{"start":{"line":136,"column":12},"end":{"line":136,"column":52}},"44":{"start":{"line":137,"column":28},"end":{"line":144,"column":13}},"45":{"start":{"line":146,"column":12},"end":{"line":146,"column":38}},"46":{"start":{"line":150,"column":8},"end":{"line":150,"column":59}},"47":{"start":{"line":152,"column":8},"end":{"line":154,"column":9}},"48":{"start":{"line":153,"column":12},"end":{"line":153,"column":69}},"49":{"start":{"line":160,"column":0},"end":{"line":187,"column":3}},"50":{"start":{"line":161,"column":23},"end":{"line":161,"column":45}},"51":{"start":{"line":162,"column":18},"end":{"line":162,"column":32}},"52":{"start":{"line":163,"column":21},"end":{"line":163,"column":38}},"53":{"start":{"line":165,"column":17},"end":{"line":165,"column":45}},"54":{"start":{"line":167,"column":4},"end":{"line":169,"column":5}},"55":{"start":{"line":168,"column":8},"end":{"line":168,"column":76}},"56":{"start":{"line":171,"column":28},"end":{"line":171,"column":73}},"57":{"start":{"line":172,"column":4},"end":{"line":174,"column":5}},"58":{"start":{"line":173,"column":8},"end":{"line":173,"column":76}},"59":{"start":{"line":176,"column":18},"end":{"line":178,"column":6}},"60":{"start":{"line":180,"column":4},"end":{"line":186,"column":7}},"61":{"start":{"line":190,"column":0},"end":{"line":220,"column":3}},"62":{"start":{"line":191,"column":23},"end":{"line":191,"column":45}},"63":{"start":{"line":192,"column":18},"end":{"line":192,"column":32}},"64":{"start":{"line":193,"column":21},"end":{"line":193,"column":38}},"65":{"start":{"line":195,"column":17},"end":{"line":195,"column":45}},"66":{"start":{"line":197,"column":4},"end":{"line":199,"column":5}},"67":{"start":{"line":198,"column":8},"end":{"line":198,"column":70}},"68":{"start":{"line":201,"column":27},"end":{"line":201,"column":58}},"69":{"start":{"line":203,"column":20},"end":{"line":206,"column":5}},"70":{"start":{"line":208,"column":4},"end":{"line":208,"column":31}},"71":{"start":{"line":210,"column":18},"end":{"line":212,"column":6}},"72":{"start":{"line":214,"column":4},"end":{"line":219,"column":7}}},"fnMap":{"0":{"name":"(anonymous_0)","decl":{"start":{"line":10,"column":16},"end":{"line":10,"column":17}},"loc":{"start":{"line":10,"column":36},"end":{"line":12,"column":1}},"line":10},"1":{"name":"(anonymous_1)","decl":{"start":{"line":14,"column":19},"end":{"line":14,"column":20}},"loc":{"start":{"line":14,"column":33},"end":{"line":20,"column":1}},"line":14},"2":{"name":"(anonymous_2)","decl":{"start":{"line":22,"column":20},"end":{"line":22,"column":21}},"loc":{"start":{"line":22,"column":40},"end":{"line":125,"column":1}},"line":22},"3":{"name":"(anonymous_3)","decl":{"start":{"line":127,"column":25},"end":{"line":127,"column":26}},"loc":{"start":{"line":127,"column":45},"end":{"line":157,"column":1}},"line":127},"4":{"name":"(anonymous_4)","decl":{"start":{"line":160,"column":28},"end":{"line":160,"column":29}},"loc":{"start":{"line":160,"column":48},"end":{"line":187,"column":1}},"line":160},"5":{"name":"(anonymous_5)","decl":{"start":{"line":190,"column":29},"end":{"line":190,"column":30}},"loc":{"start":{"line":190,"column":49},"end":{"line":220,"column":1}},"line":190}},"branchMap":{"0":{"loc":{"start":{"line":24,"column":17},"end":{"line":24,"column":38}},"type":"binary-expr","locations":[{"start":{"line":24,"column":17},"end":{"line":24,"column":31}},{"start":{"line":24,"column":35},"end":{"line":24,"column":38}}],"line":24},"1":{"loc":{"start":{"line":26,"column":4},"end":{"line":28,"column":5}},"type":"if","locations":[{"start":{"line":26,"column":4},"end":{"line":28,"column":5}},{"start":{},"end":{}}],"line":26},"2":{"loc":{"start":{"line":61,"column":8},"end":{"line":74,"column":9}},"type":"if","locations":[{"start":{"line":61,"column":8},"end":{"line":74,"column":9}},{"start":{},"end":{}}],"line":61},"3":{"loc":{"start":{"line":64,"column":22},"end":{"line":64,"column":57}},"type":"binary-expr","locations":[{"start":{"line":64,"column":22},"end":{"line":64,"column":37}},{"start":{"line":64,"column":41},"end":{"line":64,"column":57}}],"line":64},"4":{"loc":{"start":{"line":79,"column":12},"end":{"line":91,"column":13}},"type":"if","locations":[{"start":{"line":79,"column":12},"end":{"line":91,"column":13}},{"start":{},"end":{}}],"line":79},"5":{"loc":{"start":{"line":82,"column":26},"end":{"line":82,"column":61}},"type":"binary-expr","locations":[{"start":{"line":82,"column":26},"end":{"line":82,"column":41}},{"start":{"line":82,"column":45},"end":{"line":82,"column":61}}],"line":82},"6":{"loc":{"start":{"line":94,"column":12},"end":{"line":110,"column":13}},"type":"if","locations":[{"start":{"line":94,"column":12},"end":{"line":110,"column":13}},{"start":{},"end":{}}],"line":94},"7":{"loc":{"start":{"line":98,"column":30},"end":{"line":98,"column":65}},"type":"binary-expr","locations":[{"start":{"line":98,"column":30},"end":{"line":98,"column":45}},{"start":{"line":98,"column":49},"end":{"line":98,"column":65}}],"line":98},"8":{"loc":{"start":{"line":114,"column":12},"end":{"line":116,"column":13}},"type":"if","locations":[{"start":{"line":114,"column":12},"end":{"line":116,"column":13}},{"start":{},"end":{}}],"line":114},"9":{"loc":{"start":{"line":121,"column":8},"end":{"line":123,"column":9}},"type":"if","locations":[{"start":{"line":121,"column":8},"end":{"line":123,"column":9}},{"start":{},"end":{}}],"line":121},"10":{"loc":{"start":{"line":135,"column":8},"end":{"line":147,"column":9}},"type":"if","locations":[{"start":{"line":135,"column":8},"end":{"line":147,"column":9}},{"start":{},"end":{}}],"line":135},"11":{"loc":{"start":{"line":152,"column":8},"end":{"line":154,"column":9}},"type":"if","locations":[{"start":{"line":152,"column":8},"end":{"line":154,"column":9}},{"start":{},"end":{}}],"line":152},"12":{"loc":{"start":{"line":167,"column":4},"end":{"line":169,"column":5}},"type":"if","locations":[{"start":{"line":167,"column":4},"end":{"line":169,"column":5}},{"start":{},"end":{}}],"line":167},"13":{"loc":{"start":{"line":172,"column":4},"end":{"line":174,"column":5}},"type":"if","locations":[{"start":{"line":172,"column":4},"end":{"line":174,"column":5}},{"start":{},"end":{}}],"line":172},"14":{"loc":{"start":{"line":197,"column":4},"end":{"line":199,"column":5}},"type":"if","locations":[{"start":{"line":197,"column":4},"end":{"line":199,"column":5}},{"start":{},"end":{}}],"line":197}},"s":{"0":6,"1":6,"2":1,"3":6,"4":0,"5":6,"6":0,"7":0,"8":0,"9":0,"10":0,"11":0,"12":0,"13":0,"14":0,"15":0,"16":0,"17":0,"18":0,"19":0,"20":0,"21":0,"22":0,"23":0,"24":0,"25":0,"26":0,"27":0,"28":0,"29":0,"30":0,"31":0,"32":0,"33":0,"34":0,"35":0,"36":0,"37":6,"38":0,"39":0,"40":0,"41":0,"42":0,"43":0,"44":0,"45":0,"46":0,"47":0,"48":0,"49":6,"50":0,"51":0,"52":0,"53":0,"54":0,"55":0,"56":0,"57":0,"58":0,"59":0,"60":0,"61":6,"62":0,"63":0,"64":0,"65":0,"66":0,"67":0,"68":0,"69":0,"70":0,"71":0,"72":0},"f":{"0":1,"1":0,"2":0,"3":0,"4":0,"5":0},"b":{"0":[0,0],"1":[0,0],"2":[0,0],"3":[0,0],"4":[0,0],"5":[0,0],"6":[0,0],"7":[0,0],"8":[0,0],"9":[0,0],"10":[0,0],"11":[0,0],"12":[0,0],"13":[0,0],"14":[0,0]},"_coverageSchema":"1a1c01bbd47fc00a2c39e90264f33305004495a9","hash":"a02b5cb5e788d8e39720474a8e5cccc915a98f30"}
,"/home/vemla/dbwebb-kurser/vteam/fenix/services/rest-api/src/routes/deleteRoutes.js": {"path":"/home/vemla/dbwebb-kurser/vteam/fenix/services/rest-api/src/routes/deleteRoutes.js","statementMap":{"0":{"start":{"line":4,"column":15},"end":{"line":4,"column":31}},"1":{"start":{"line":6,"column":0},"end":{"line":18,"column":3}},"2":{"start":{"line":7,"column":4},"end":{"line":17,"column":7}},"3":{"start":{"line":21,"column":0},"end":{"line":26,"column":3}},"4":{"start":{"line":22,"column":15},"end":{"line":22,"column":28}},"5":{"start":{"line":23,"column":19},"end":{"line":23,"column":39}},"6":{"start":{"line":25,"column":4},"end":{"line":25,"column":21}}},"fnMap":{"0":{"name":"(anonymous_0)","decl":{"start":{"line":6,"column":16},"end":{"line":6,"column":17}},"loc":{"start":{"line":6,"column":36},"end":{"line":18,"column":1}},"line":6},"1":{"name":"(anonymous_1)","decl":{"start":{"line":21,"column":27},"end":{"line":21,"column":28}},"loc":{"start":{"line":21,"column":47},"end":{"line":26,"column":1}},"line":21}},"branchMap":{},"s":{"0":6,"1":6,"2":1,"3":6,"4":1,"5":1,"6":1},"f":{"0":1,"1":1},"b":{},"_coverageSchema":"1a1c01bbd47fc00a2c39e90264f33305004495a9","hash":"352281f0f4948ff62329babe938d7fcc65a8cc97"}
,"/home/vemla/dbwebb-kurser/vteam/fenix/services/rest-api/src/routes/getDataRoutes.js": {"path":"/home/vemla/dbwebb-kurser/vteam/fenix/services/rest-api/src/routes/getDataRoutes.js","statementMap":{"0":{"start":{"line":11,"column":15},"end":{"line":11,"column":31}},"1":{"start":{"line":14,"column":0},"end":{"line":16,"column":3}},"2":{"start":{"line":15,"column":4},"end":{"line":15,"column":35}},"3":{"start":{"line":18,"column":0},"end":{"line":22,"column":3}},"4":{"start":{"line":19,"column":19},"end":{"line":19,"column":36}},"5":{"start":{"line":21,"column":4},"end":{"line":21,"column":21}},"6":{"start":{"line":25,"column":0},"end":{"line":29,"column":3}},"7":{"start":{"line":26,"column":19},"end":{"line":26,"column":50}},"8":{"start":{"line":28,"column":4},"end":{"line":28,"column":21}},"9":{"start":{"line":31,"column":0},"end":{"line":35,"column":3}},"10":{"start":{"line":32,"column":19},"end":{"line":32,"column":35}},"11":{"start":{"line":34,"column":4},"end":{"line":34,"column":21}},"12":{"start":{"line":38,"column":0},"end":{"line":43,"column":3}},"13":{"start":{"line":39,"column":18},"end":{"line":39,"column":34}},"14":{"start":{"line":40,"column":19},"end":{"line":40,"column":46}},"15":{"start":{"line":42,"column":4},"end":{"line":42,"column":21}},"16":{"start":{"line":46,"column":0},"end":{"line":51,"column":3}},"17":{"start":{"line":47,"column":15},"end":{"line":47,"column":28}},"18":{"start":{"line":48,"column":19},"end":{"line":48,"column":36}},"19":{"start":{"line":50,"column":4},"end":{"line":50,"column":21}},"20":{"start":{"line":53,"column":0},"end":{"line":57,"column":3}},"21":{"start":{"line":54,"column":19},"end":{"line":54,"column":35}},"22":{"start":{"line":56,"column":4},"end":{"line":56,"column":21}},"23":{"start":{"line":60,"column":0},"end":{"line":80,"column":3}},"24":{"start":{"line":61,"column":17},"end":{"line":61,"column":36}},"25":{"start":{"line":62,"column":19},"end":{"line":62,"column":41}},"26":{"start":{"line":63,"column":18},"end":{"line":63,"column":19}},"27":{"start":{"line":64,"column":17},"end":{"line":64,"column":35}},"28":{"start":{"line":67,"column":19},"end":{"line":67,"column":79}},"29":{"start":{"line":69,"column":4},"end":{"line":79,"column":5}},"30":{"start":{"line":70,"column":22},"end":{"line":70,"column":79}},"31":{"start":{"line":72,"column":27},"end":{"line":72,"column":73}},"32":{"start":{"line":73,"column":27},"end":{"line":73,"column":56}},"33":{"start":{"line":75,"column":8},"end":{"line":75,"column":40}},"34":{"start":{"line":77,"column":8},"end":{"line":77,"column":54}},"35":{"start":{"line":78,"column":8},"end":{"line":78,"column":53}},"36":{"start":{"line":82,"column":0},"end":{"line":87,"column":3}},"37":{"start":{"line":83,"column":17},"end":{"line":83,"column":32}},"38":{"start":{"line":84,"column":19},"end":{"line":84,"column":60}},"39":{"start":{"line":86,"column":4},"end":{"line":86,"column":21}},"40":{"start":{"line":89,"column":0},"end":{"line":94,"column":3}},"41":{"start":{"line":90,"column":19},"end":{"line":90,"column":37}},"42":{"start":{"line":91,"column":19},"end":{"line":91,"column":49}},"43":{"start":{"line":93,"column":4},"end":{"line":93,"column":21}},"44":{"start":{"line":97,"column":0},"end":{"line":102,"column":3}},"45":{"start":{"line":98,"column":17},"end":{"line":98,"column":32}},"46":{"start":{"line":99,"column":19},"end":{"line":99,"column":41}},"47":{"start":{"line":101,"column":4},"end":{"line":101,"column":21}},"48":{"start":{"line":105,"column":0},"end":{"line":109,"column":3}},"49":{"start":{"line":106,"column":19},"end":{"line":106,"column":40}},"50":{"start":{"line":108,"column":4},"end":{"line":108,"column":21}},"51":{"start":{"line":112,"column":0},"end":{"line":117,"column":3}},"52":{"start":{"line":113,"column":17},"end":{"line":113,"column":32}},"53":{"start":{"line":114,"column":19},"end":{"line":114,"column":50}},"54":{"start":{"line":116,"column":4},"end":{"line":116,"column":21}},"55":{"start":{"line":120,"column":0},"end":{"line":124,"column":3}},"56":{"start":{"line":121,"column":19},"end":{"line":121,"column":49}},"57":{"start":{"line":123,"column":4},"end":{"line":123,"column":21}},"58":{"start":{"line":127,"column":0},"end":{"line":132,"column":3}},"59":{"start":{"line":128,"column":15},"end":{"line":128,"column":28}},"60":{"start":{"line":129,"column":19},"end":{"line":129,"column":36}},"61":{"start":{"line":131,"column":4},"end":{"line":131,"column":21}},"62":{"start":{"line":135,"column":0},"end":{"line":139,"column":3}},"63":{"start":{"line":136,"column":19},"end":{"line":136,"column":62}},"64":{"start":{"line":138,"column":4},"end":{"line":138,"column":21}},"65":{"start":{"line":142,"column":0},"end":{"line":146,"column":3}},"66":{"start":{"line":143,"column":19},"end":{"line":143,"column":36}},"67":{"start":{"line":145,"column":4},"end":{"line":145,"column":21}}},"fnMap":{"0":{"name":"(anonymous_0)","decl":{"start":{"line":14,"column":16},"end":{"line":14,"column":17}},"loc":{"start":{"line":14,"column":36},"end":{"line":16,"column":1}},"line":14},"1":{"name":"(anonymous_1)","decl":{"start":{"line":18,"column":26},"end":{"line":18,"column":27}},"loc":{"start":{"line":18,"column":46},"end":{"line":22,"column":1}},"line":18},"2":{"name":"(anonymous_2)","decl":{"start":{"line":25,"column":25},"end":{"line":25,"column":26}},"loc":{"start":{"line":25,"column":45},"end":{"line":29,"column":1}},"line":25},"3":{"name":"(anonymous_3)","decl":{"start":{"line":31,"column":25},"end":{"line":31,"column":26}},"loc":{"start":{"line":31,"column":45},"end":{"line":35,"column":1}},"line":31},"4":{"name":"(anonymous_4)","decl":{"start":{"line":38,"column":33},"end":{"line":38,"column":34}},"loc":{"start":{"line":38,"column":53},"end":{"line":43,"column":1}},"line":38},"5":{"name":"(anonymous_5)","decl":{"start":{"line":46,"column":27},"end":{"line":46,"column":28}},"loc":{"start":{"line":46,"column":47},"end":{"line":51,"column":1}},"line":46},"6":{"name":"(anonymous_6)","decl":{"start":{"line":53,"column":25},"end":{"line":53,"column":26}},"loc":{"start":{"line":53,"column":45},"end":{"line":57,"column":1}},"line":53},"7":{"name":"(anonymous_7)","decl":{"start":{"line":60,"column":36},"end":{"line":60,"column":37}},"loc":{"start":{"line":60,"column":56},"end":{"line":80,"column":1}},"line":60},"8":{"name":"(anonymous_8)","decl":{"start":{"line":82,"column":39},"end":{"line":82,"column":40}},"loc":{"start":{"line":82,"column":59},"end":{"line":87,"column":1}},"line":82},"9":{"name":"(anonymous_9)","decl":{"start":{"line":89,"column":37},"end":{"line":89,"column":38}},"loc":{"start":{"line":89,"column":57},"end":{"line":94,"column":1}},"line":89},"10":{"name":"(anonymous_10)","decl":{"start":{"line":97,"column":40},"end":{"line":97,"column":41}},"loc":{"start":{"line":97,"column":60},"end":{"line":102,"column":1}},"line":97},"11":{"name":"(anonymous_11)","decl":{"start":{"line":105,"column":33},"end":{"line":105,"column":34}},"loc":{"start":{"line":105,"column":53},"end":{"line":109,"column":1}},"line":105},"12":{"name":"(anonymous_12)","decl":{"start":{"line":112,"column":44},"end":{"line":112,"column":45}},"loc":{"start":{"line":112,"column":64},"end":{"line":117,"column":1}},"line":112},"13":{"name":"(anonymous_13)","decl":{"start":{"line":120,"column":37},"end":{"line":120,"column":38}},"loc":{"start":{"line":120,"column":57},"end":{"line":124,"column":1}},"line":120},"14":{"name":"(anonymous_14)","decl":{"start":{"line":127,"column":24},"end":{"line":127,"column":25}},"loc":{"start":{"line":127,"column":44},"end":{"line":132,"column":1}},"line":127},"15":{"name":"(anonymous_15)","decl":{"start":{"line":135,"column":34},"end":{"line":135,"column":35}},"loc":{"start":{"line":135,"column":54},"end":{"line":139,"column":1}},"line":135},"16":{"name":"(anonymous_16)","decl":{"start":{"line":142,"column":26},"end":{"line":142,"column":27}},"loc":{"start":{"line":142,"column":46},"end":{"line":146,"column":1}},"line":142}},"branchMap":{"0":{"loc":{"start":{"line":61,"column":17},"end":{"line":61,"column":36}},"type":"binary-expr","locations":[{"start":{"line":61,"column":17},"end":{"line":61,"column":31}},{"start":{"line":61,"column":35},"end":{"line":61,"column":36}}],"line":61},"1":{"loc":{"start":{"line":62,"column":19},"end":{"line":62,"column":41}},"type":"binary-expr","locations":[{"start":{"line":62,"column":19},"end":{"line":62,"column":35}},{"start":{"line":62,"column":39},"end":{"line":62,"column":41}}],"line":62},"2":{"loc":{"start":{"line":67,"column":19},"end":{"line":67,"column":79}},"type":"cond-expr","locations":[{"start":{"line":67,"column":28},"end":{"line":67,"column":74}},{"start":{"line":67,"column":77},"end":{"line":67,"column":79}}],"line":67}},"s":{"0":6,"1":6,"2":1,"3":6,"4":1,"5":1,"6":6,"7":1,"8":1,"9":6,"10":1,"11":1,"12":6,"13":1,"14":1,"15":1,"16":6,"17":0,"18":0,"19":0,"20":6,"21":1,"22":1,"23":6,"24":1,"25":1,"26":1,"27":1,"28":1,"29":1,"30":1,"31":1,"32":1,"33":1,"34":0,"35":0,"36":6,"37":1,"38":1,"39":1,"40":6,"41":7,"42":7,"43":7,"44":6,"45":1,"46":1,"47":1,"48":6,"49":1,"50":1,"51":6,"52":1,"53":1,"54":1,"55":6,"56":1,"57":1,"58":6,"59":1,"60":1,"61":1,"62":6,"63":0,"64":0,"65":6,"66":0,"67":0},"f":{"0":1,"1":1,"2":1,"3":1,"4":1,"5":0,"6":1,"7":1,"8":1,"9":7,"10":1,"11":1,"12":1,"13":1,"14":1,"15":0,"16":0},"b":{"0":[1,1],"1":[1,1],"2":[0,1]},"_coverageSchema":"1a1c01bbd47fc00a2c39e90264f33305004495a9","hash":"d5d6fd41518e1cc33eccfed6c33658ad6add2d75"}
,"/home/vemla/dbwebb-kurser/vteam/fenix/services/rest-api/src/routes/serviceRoutes.js": {"path":"/home/vemla/dbwebb-kurser/vteam/fenix/services/rest-api/src/routes/serviceRoutes.js","statementMap":{"0":{"start":{"line":6,"column":15},"end":{"line":6,"column":31}},"1":{"start":{"line":8,"column":0},"end":{"line":39,"column":3}},"2":{"start":{"line":9,"column":4},"end":{"line":38,"column":7}},"3":{"start":{"line":41,"column":0},"end":{"line":48,"column":3}},"4":{"start":{"line":42,"column":17},"end":{"line":42,"column":33}},"5":{"start":{"line":45,"column":19},"end":{"line":45,"column":50}},"6":{"start":{"line":47,"column":4},"end":{"line":47,"column":21}},"7":{"start":{"line":50,"column":0},"end":{"line":57,"column":3}},"8":{"start":{"line":51,"column":17},"end":{"line":51,"column":33}},"9":{"start":{"line":54,"column":19},"end":{"line":54,"column":48}},"10":{"start":{"line":56,"column":4},"end":{"line":56,"column":21}},"11":{"start":{"line":59,"column":0},"end":{"line":64,"column":3}},"12":{"start":{"line":60,"column":19},"end":{"line":60,"column":35}},"13":{"start":{"line":61,"column":19},"end":{"line":61,"column":44}},"14":{"start":{"line":63,"column":4},"end":{"line":63,"column":21}},"15":{"start":{"line":66,"column":0},"end":{"line":71,"column":3}},"16":{"start":{"line":67,"column":19},"end":{"line":67,"column":35}},"17":{"start":{"line":68,"column":19},"end":{"line":68,"column":48}},"18":{"start":{"line":70,"column":4},"end":{"line":70,"column":21}},"19":{"start":{"line":73,"column":0},"end":{"line":87,"column":3}},"20":{"start":{"line":74,"column":4},"end":{"line":86,"column":5}},"21":{"start":{"line":75,"column":25},"end":{"line":75,"column":56}},"22":{"start":{"line":76,"column":36},"end":{"line":76,"column":84}},"23":{"start":{"line":78,"column":8},"end":{"line":80,"column":9}},"24":{"start":{"line":79,"column":12},"end":{"line":79,"column":52}},"25":{"start":{"line":82,"column":8},"end":{"line":82,"column":47}},"26":{"start":{"line":84,"column":8},"end":{"line":84,"column":54}},"27":{"start":{"line":85,"column":8},"end":{"line":85,"column":82}}},"fnMap":{"0":{"name":"(anonymous_0)","decl":{"start":{"line":8,"column":16},"end":{"line":8,"column":17}},"loc":{"start":{"line":8,"column":36},"end":{"line":39,"column":1}},"line":8},"1":{"name":"(anonymous_1)","decl":{"start":{"line":41,"column":21},"end":{"line":41,"column":22}},"loc":{"start":{"line":41,"column":41},"end":{"line":48,"column":1}},"line":41},"2":{"name":"(anonymous_2)","decl":{"start":{"line":50,"column":30},"end":{"line":50,"column":31}},"loc":{"start":{"line":50,"column":50},"end":{"line":57,"column":1}},"line":50},"3":{"name":"(anonymous_3)","decl":{"start":{"line":59,"column":23},"end":{"line":59,"column":24}},"loc":{"start":{"line":59,"column":43},"end":{"line":64,"column":1}},"line":59},"4":{"name":"(anonymous_4)","decl":{"start":{"line":66,"column":28},"end":{"line":66,"column":29}},"loc":{"start":{"line":66,"column":48},"end":{"line":71,"column":1}},"line":66},"5":{"name":"(anonymous_5)","decl":{"start":{"line":73,"column":32},"end":{"line":73,"column":33}},"loc":{"start":{"line":73,"column":52},"end":{"line":87,"column":1}},"line":73}},"branchMap":{},"s":{"0":6,"1":6,"2":1,"3":6,"4":1,"5":1,"6":1,"7":6,"8":1,"9":1,"10":1,"11":6,"12":1,"13":1,"14":1,"15":6,"16":1,"17":1,"18":1,"19":6,"20":1,"21":1,"22":1,"23":1,"24":9,"25":1,"26":0,"27":0},"f":{"0":1,"1":1,"2":1,"3":1,"4":1,"5":1},"b":{},"_coverageSchema":"1a1c01bbd47fc00a2c39e90264f33305004495a9","hash":"a2f0ca8f72a13182287f698a20b617210156b071"}
,"/home/vemla/dbwebb-kurser/vteam/fenix/services/rest-api/src/routes/stripe.js": {"path":"/home/vemla/dbwebb-kurser/vteam/fenix/services/rest-api/src/routes/stripe.js","statementMap":{"0":{"start":{"line":5,"column":0},"end":{"line":5,"column":16}},"1":{"start":{"line":6,"column":21},"end":{"line":6,"column":50}},"2":{"start":{"line":7,"column":15},"end":{"line":7,"column":35}},"3":{"start":{"line":9,"column":15},"end":{"line":9,"column":31}},"4":{"start":{"line":11,"column":0},"end":{"line":26,"column":3}},"5":{"start":{"line":12,"column":21},"end":{"line":12,"column":29}},"6":{"start":{"line":14,"column":2},"end":{"line":14,"column":35}},"7":{"start":{"line":16,"column":24},"end":{"line":19,"column":4}},"8":{"start":{"line":21,"column":2},"end":{"line":25,"column":5}},"9":{"start":{"line":28,"column":0},"end":{"line":53,"column":3}},"10":{"start":{"line":29,"column":29},"end":{"line":29,"column":37}},"11":{"start":{"line":31,"column":2},"end":{"line":31,"column":54}},"12":{"start":{"line":33,"column":18},"end":{"line":50,"column":4}},"13":{"start":{"line":52,"column":2},"end":{"line":52,"column":31}}},"fnMap":{"0":{"name":"(anonymous_0)","decl":{"start":{"line":11,"column":31},"end":{"line":11,"column":32}},"loc":{"start":{"line":11,"column":51},"end":{"line":26,"column":1}},"line":11},"1":{"name":"(anonymous_1)","decl":{"start":{"line":28,"column":40},"end":{"line":28,"column":41}},"loc":{"start":{"line":28,"column":60},"end":{"line":53,"column":1}},"line":28}},"branchMap":{},"s":{"0":6,"1":6,"2":6,"3":6,"4":6,"5":0,"6":0,"7":0,"8":0,"9":6,"10":0,"11":0,"12":0,"13":0},"f":{"0":0,"1":0},"b":{},"_coverageSchema":"1a1c01bbd47fc00a2c39e90264f33305004495a9","hash":"c850c51d41009dae7adcb3666b63e79bb092316f"}
,"/home/vemla/dbwebb-kurser/vteam/fenix/services/rest-api/src/routes/testRoutes.js": {"path":"/home/vemla/dbwebb-kurser/vteam/fenix/services/rest-api/src/routes/testRoutes.js","statementMap":{"0":{"start":{"line":6,"column":15},"end":{"line":6,"column":31}},"1":{"start":{"line":8,"column":0},"end":{"line":10,"column":3}},"2":{"start":{"line":9,"column":4},"end":{"line":9,"column":32}},"3":{"start":{"line":13,"column":0},"end":{"line":20,"column":3}},"4":{"start":{"line":14,"column":17},"end":{"line":14,"column":33}},"5":{"start":{"line":17,"column":19},"end":{"line":17,"column":55}},"6":{"start":{"line":19,"column":4},"end":{"line":19,"column":21}},"7":{"start":{"line":23,"column":0},"end":{"line":28,"column":3}},"8":{"start":{"line":24,"column":20},"end":{"line":24,"column":54}},"9":{"start":{"line":25,"column":20},"end":{"line":25,"column":54}},"10":{"start":{"line":27,"column":4},"end":{"line":27,"column":33}},"11":{"start":{"line":30,"column":0},"end":{"line":39,"column":3}},"12":{"start":{"line":31,"column":17},"end":{"line":31,"column":33}},"13":{"start":{"line":32,"column":19},"end":{"line":32,"column":36}},"14":{"start":{"line":35,"column":19},"end":{"line":35,"column":62}},"15":{"start":{"line":37,"column":4},"end":{"line":37,"column":21}},"16":{"start":{"line":41,"column":0},"end":{"line":53,"column":2}},"17":{"start":{"line":42,"column":17},"end":{"line":42,"column":34}},"18":{"start":{"line":50,"column":19},"end":{"line":50,"column":50}},"19":{"start":{"line":52,"column":4},"end":{"line":52,"column":30}},"20":{"start":{"line":56,"column":0},"end":{"line":62,"column":3}},"21":{"start":{"line":57,"column":17},"end":{"line":57,"column":32}},"22":{"start":{"line":58,"column":19},"end":{"line":58,"column":41}},"23":{"start":{"line":59,"column":4},"end":{"line":59,"column":21}}},"fnMap":{"0":{"name":"(anonymous_0)","decl":{"start":{"line":8,"column":16},"end":{"line":8,"column":17}},"loc":{"start":{"line":8,"column":36},"end":{"line":10,"column":1}},"line":8},"1":{"name":"(anonymous_1)","decl":{"start":{"line":13,"column":28},"end":{"line":13,"column":29}},"loc":{"start":{"line":13,"column":48},"end":{"line":20,"column":1}},"line":13},"2":{"name":"(anonymous_2)","decl":{"start":{"line":23,"column":24},"end":{"line":23,"column":25}},"loc":{"start":{"line":23,"column":44},"end":{"line":28,"column":1}},"line":23},"3":{"name":"(anonymous_3)","decl":{"start":{"line":30,"column":32},"end":{"line":30,"column":33}},"loc":{"start":{"line":30,"column":52},"end":{"line":39,"column":1}},"line":30},"4":{"name":"(anonymous_4)","decl":{"start":{"line":41,"column":39},"end":{"line":41,"column":40}},"loc":{"start":{"line":41,"column":59},"end":{"line":53,"column":1}},"line":41},"5":{"name":"(anonymous_5)","decl":{"start":{"line":56,"column":40},"end":{"line":56,"column":41}},"loc":{"start":{"line":56,"column":60},"end":{"line":62,"column":1}},"line":56}},"branchMap":{},"s":{"0":6,"1":6,"2":0,"3":6,"4":3,"5":3,"6":3,"7":6,"8":0,"9":0,"10":0,"11":6,"12":0,"13":0,"14":0,"15":0,"16":6,"17":0,"18":0,"19":0,"20":6,"21":0,"22":0,"23":0},"f":{"0":0,"1":3,"2":0,"3":0,"4":0,"5":0},"b":{},"_coverageSchema":"1a1c01bbd47fc00a2c39e90264f33305004495a9","hash":"cbc088f1fd1091770d3e122303ed59c2bd78511d"}
,"/home/vemla/dbwebb-kurser/vteam/fenix/services/rest-api/src/routes/tripRoutes.js": {"path":"/home/vemla/dbwebb-kurser/vteam/fenix/services/rest-api/src/routes/tripRoutes.js","statementMap":{"0":{"start":{"line":6,"column":15},"end":{"line":6,"column":31}},"1":{"start":{"line":8,"column":0},"end":{"line":30,"column":3}},"2":{"start":{"line":9,"column":4},"end":{"line":28,"column":7}},"3":{"start":{"line":32,"column":0},"end":{"line":40,"column":3}},"4":{"start":{"line":33,"column":19},"end":{"line":33,"column":35}},"5":{"start":{"line":34,"column":19},"end":{"line":34,"column":35}},"6":{"start":{"line":36,"column":19},"end":{"line":36,"column":53}},"7":{"start":{"line":37,"column":19},"end":{"line":37,"column":59}},"8":{"start":{"line":39,"column":4},"end":{"line":39,"column":21}},"9":{"start":{"line":42,"column":0},"end":{"line":49,"column":3}},"10":{"start":{"line":43,"column":19},"end":{"line":43,"column":35}},"11":{"start":{"line":44,"column":19},"end":{"line":44,"column":35}},"12":{"start":{"line":46,"column":19},"end":{"line":46,"column":50}},"13":{"start":{"line":48,"column":4},"end":{"line":48,"column":21}},"14":{"start":{"line":51,"column":0},"end":{"line":56,"column":3}},"15":{"start":{"line":52,"column":19},"end":{"line":52,"column":37}},"16":{"start":{"line":53,"column":19},"end":{"line":53,"column":58}},"17":{"start":{"line":55,"column":4},"end":{"line":55,"column":21}}},"fnMap":{"0":{"name":"(anonymous_0)","decl":{"start":{"line":8,"column":16},"end":{"line":8,"column":17}},"loc":{"start":{"line":8,"column":36},"end":{"line":30,"column":1}},"line":8},"1":{"name":"(anonymous_1)","decl":{"start":{"line":32,"column":22},"end":{"line":32,"column":23}},"loc":{"start":{"line":32,"column":42},"end":{"line":40,"column":1}},"line":32},"2":{"name":"(anonymous_2)","decl":{"start":{"line":42,"column":20},"end":{"line":42,"column":21}},"loc":{"start":{"line":42,"column":40},"end":{"line":49,"column":1}},"line":42},"3":{"name":"(anonymous_3)","decl":{"start":{"line":51,"column":34},"end":{"line":51,"column":35}},"loc":{"start":{"line":51,"column":54},"end":{"line":56,"column":1}},"line":51}},"branchMap":{},"s":{"0":6,"1":6,"2":1,"3":6,"4":1,"5":1,"6":1,"7":1,"8":1,"9":6,"10":1,"11":1,"12":1,"13":1,"14":6,"15":0,"16":0,"17":0},"f":{"0":1,"1":1,"2":1,"3":0},"b":{},"_coverageSchema":"1a1c01bbd47fc00a2c39e90264f33305004495a9","hash":"341b1c3e3f8b299c13e6d7a4544f665dcc05eeda"}
,"/home/vemla/dbwebb-kurser/vteam/fenix/services/rest-api/src/routes/updateRoutes.js": {"path":"/home/vemla/dbwebb-kurser/vteam/fenix/services/rest-api/src/routes/updateRoutes.js","statementMap":{"0":{"start":{"line":4,"column":15},"end":{"line":4,"column":31}},"1":{"start":{"line":6,"column":0},"end":{"line":27,"column":3}},"2":{"start":{"line":7,"column":4},"end":{"line":26,"column":7}},"3":{"start":{"line":30,"column":0},"end":{"line":35,"column":3}},"4":{"start":{"line":31,"column":15},"end":{"line":31,"column":28}},"5":{"start":{"line":32,"column":19},"end":{"line":32,"column":36}},"6":{"start":{"line":34,"column":4},"end":{"line":34,"column":21}},"7":{"start":{"line":38,"column":0},"end":{"line":43,"column":3}},"8":{"start":{"line":39,"column":15},"end":{"line":39,"column":28}},"9":{"start":{"line":40,"column":19},"end":{"line":40,"column":36}},"10":{"start":{"line":42,"column":4},"end":{"line":42,"column":21}},"11":{"start":{"line":46,"column":0},"end":{"line":59,"column":3}},"12":{"start":{"line":47,"column":15},"end":{"line":47,"column":28}},"13":{"start":{"line":48,"column":17},"end":{"line":48,"column":34}},"14":{"start":{"line":50,"column":4},"end":{"line":58,"column":5}},"15":{"start":{"line":51,"column":23},"end":{"line":51,"column":42}},"16":{"start":{"line":52,"column":8},"end":{"line":52,"column":25}},"17":{"start":{"line":53,"column":8},"end":{"line":53,"column":15}},"18":{"start":{"line":55,"column":23},"end":{"line":55,"column":40}},"19":{"start":{"line":56,"column":8},"end":{"line":56,"column":25}},"20":{"start":{"line":57,"column":8},"end":{"line":57,"column":15}}},"fnMap":{"0":{"name":"(anonymous_0)","decl":{"start":{"line":6,"column":16},"end":{"line":6,"column":17}},"loc":{"start":{"line":6,"column":36},"end":{"line":27,"column":1}},"line":6},"1":{"name":"(anonymous_1)","decl":{"start":{"line":30,"column":28},"end":{"line":30,"column":29}},"loc":{"start":{"line":30,"column":48},"end":{"line":35,"column":1}},"line":30},"2":{"name":"(anonymous_2)","decl":{"start":{"line":38,"column":30},"end":{"line":38,"column":31}},"loc":{"start":{"line":38,"column":50},"end":{"line":43,"column":1}},"line":38},"3":{"name":"(anonymous_3)","decl":{"start":{"line":46,"column":35},"end":{"line":46,"column":36}},"loc":{"start":{"line":46,"column":55},"end":{"line":59,"column":1}},"line":46}},"branchMap":{"0":{"loc":{"start":{"line":50,"column":4},"end":{"line":58,"column":5}},"type":"if","locations":[{"start":{"line":50,"column":4},"end":{"line":58,"column":5}},{"start":{"line":54,"column":11},"end":{"line":58,"column":5}}],"line":50}},"s":{"0":6,"1":6,"2":1,"3":6,"4":1,"5":1,"6":1,"7":6,"8":1,"9":1,"10":1,"11":6,"12":0,"13":0,"14":0,"15":0,"16":0,"17":0,"18":0,"19":0,"20":0},"f":{"0":1,"1":1,"2":1,"3":0},"b":{"0":[0,0]},"_coverageSchema":"1a1c01bbd47fc00a2c39e90264f33305004495a9","hash":"8dd07412a7bd152091b7fdfb647cfc6c1618820e"}
}
