TN:
SF:src/app.js
FN:68,(anonymous_0)
FN:73,(anonymous_1)
FN:81,(anonymous_2)
FN:103,(anonymous_3)
FN:123,(anonymous_4)
FN:126,(anonymous_5)
FNF:6
FNH:2
FNDA:1,(anonymous_0)
FNDA:0,(anonymous_1)
FNDA:6,(anonymous_2)
FNDA:0,(anonymous_3)
FNDA:0,(anonymous_4)
FNDA:0,(anonymous_5)
DA:32,6
DA:34,6
DA:35,0
DA:39,6
DA:41,6
DA:42,6
DA:43,6
DA:46,6
DA:48,6
DA:49,6
DA:50,6
DA:51,6
DA:52,6
DA:53,6
DA:54,6
DA:55,6
DA:58,6
DA:60,6
DA:62,6
DA:68,6
DA:69,1
DA:73,6
DA:74,0
DA:76,0
DA:81,6
DA:82,6
DA:85,6
DA:87,6
DA:89,6
DA:92,6
DA:94,0
DA:97,6
DA:100,6
DA:102,6
DA:103,0
DA:104,0
DA:108,0
DA:113,6
DA:115,6
DA:117,6
DA:118,0
DA:119,0
DA:122,6
DA:123,0
DA:124,0
DA:126,0
DA:127,0
DA:128,0
DA:130,0
DA:131,0
LF:50
LH:34
BRDA:34,0,0,0
BRDA:34,0,1,6
BRDA:87,1,0,6
BRDA:87,1,1,0
BRDA:92,2,0,0
BRDA:92,2,1,6
BRDA:100,3,0,6
BRDA:100,3,1,0
BRDA:102,4,0,0
BRDA:102,4,1,6
BRDA:117,5,0,0
BRDA:117,5,1,6
BRDA:122,6,0,0
BRDA:122,6,1,6
BRF:14
BRH:7
end_of_record
TN:
SF:src/routes/addDataRoutes.js
FN:6,(anonymous_0)
FN:12,(anonymous_1)
FN:41,(anonymous_2)
FN:102,(anonymous_3)
FNF:4
FNH:4
FNDA:1,(anonymous_0)
FNDA:1,(anonymous_1)
FNDA:1,(anonymous_2)
FNDA:1,(anonymous_3)
DA:4,6
DA:6,6
DA:7,1
DA:12,6
DA:13,1
DA:33,1
DA:37,1
DA:41,6
DA:42,1
DA:43,1
DA:96,1
DA:98,1
DA:102,6
DA:103,1
DA:117,1
DA:119,1
LF:16
LH:16
BRF:0
BRH:0
end_of_record
TN:
SF:src/routes/authRoutes.js
FN:10,(anonymous_0)
FN:14,(anonymous_1)
FN:22,(anonymous_2)
FN:127,(anonymous_3)
FN:160,(anonymous_4)
FN:190,(anonymous_5)
FNF:6
FNH:1
FNDA:1,(anonymous_0)
FNDA:0,(anonymous_1)
FNDA:0,(anonymous_2)
FNDA:0,(anonymous_3)
FNDA:0,(anonymous_4)
FNDA:0,(anonymous_5)
DA:8,6
DA:10,6
DA:11,1
DA:14,6
DA:15,0
DA:22,6
DA:23,0
DA:24,0
DA:26,0
DA:27,0
DA:30,0
DA:31,0
DA:33,0
DA:34,0
DA:48,0
DA:50,0
DA:56,0
DA:58,0
DA:61,0
DA:62,0
DA:63,0
DA:73,0
DA:76,0
DA:77,0
DA:79,0
DA:80,0
DA:81,0
DA:90,0
DA:94,0
DA:95,0
DA:109,0
DA:112,0
DA:114,0
DA:115,0
DA:119,0
DA:121,0
DA:122,0
DA:127,6
DA:128,0
DA:129,0
DA:132,0
DA:133,0
DA:135,0
DA:136,0
DA:137,0
DA:146,0
DA:150,0
DA:152,0
DA:153,0
DA:160,6
DA:161,0
DA:162,0
DA:163,0
DA:165,0
DA:167,0
DA:168,0
DA:171,0
DA:172,0
DA:173,0
DA:176,0
DA:180,0
DA:190,6
DA:191,0
DA:192,0
DA:193,0
DA:195,0
DA:197,0
DA:198,0
DA:201,0
DA:203,0
DA:208,0
DA:210,0
DA:214,0
LF:73
LH:8
BRDA:24,0,0,0
BRDA:24,0,1,0
BRDA:26,1,0,0
BRDA:26,1,1,0
BRDA:61,2,0,0
BRDA:61,2,1,0
BRDA:64,3,0,0
BRDA:64,3,1,0
BRDA:79,4,0,0
BRDA:79,4,1,0
BRDA:82,5,0,0
BRDA:82,5,1,0
BRDA:94,6,0,0
BRDA:94,6,1,0
BRDA:98,7,0,0
BRDA:98,7,1,0
BRDA:114,8,0,0
BRDA:114,8,1,0
BRDA:121,9,0,0
BRDA:121,9,1,0
BRDA:135,10,0,0
BRDA:135,10,1,0
BRDA:152,11,0,0
BRDA:152,11,1,0
BRDA:167,12,0,0
BRDA:167,12,1,0
BRDA:172,13,0,0
BRDA:172,13,1,0
BRDA:197,14,0,0
BRDA:197,14,1,0
BRF:30
BRH:0
end_of_record
TN:
SF:src/routes/deleteRoutes.js
FN:6,(anonymous_0)
FN:21,(anonymous_1)
FNF:2
FNH:2
FNDA:1,(anonymous_0)
FNDA:1,(anonymous_1)
DA:4,6
DA:6,6
DA:7,1
DA:21,6
DA:22,1
DA:23,1
DA:25,1
LF:7
LH:7
BRF:0
BRH:0
end_of_record
TN:
SF:src/routes/getDataRoutes.js
FN:14,(anonymous_0)
FN:18,(anonymous_1)
FN:25,(anonymous_2)
FN:31,(anonymous_3)
FN:38,(anonymous_4)
FN:46,(anonymous_5)
FN:53,(anonymous_6)
FN:60,(anonymous_7)
FN:82,(anonymous_8)
FN:89,(anonymous_9)
FN:97,(anonymous_10)
FN:105,(anonymous_11)
FN:112,(anonymous_12)
FN:120,(anonymous_13)
FN:127,(anonymous_14)
FN:135,(anonymous_15)
FN:142,(anonymous_16)
FNF:17
FNH:14
FNDA:1,(anonymous_0)
FNDA:1,(anonymous_1)
FNDA:1,(anonymous_2)
FNDA:1,(anonymous_3)
FNDA:1,(anonymous_4)
FNDA:0,(anonymous_5)
FNDA:1,(anonymous_6)
FNDA:1,(anonymous_7)
FNDA:1,(anonymous_8)
FNDA:7,(anonymous_9)
FNDA:1,(anonymous_10)
FNDA:1,(anonymous_11)
FNDA:1,(anonymous_12)
FNDA:1,(anonymous_13)
FNDA:1,(anonymous_14)
FNDA:0,(anonymous_15)
FNDA:0,(anonymous_16)
DA:11,6
DA:14,6
DA:15,1
DA:18,6
DA:19,1
DA:21,1
DA:25,6
DA:26,1
DA:28,1
DA:31,6
DA:32,1
DA:34,1
DA:38,6
DA:39,1
DA:40,1
DA:42,1
DA:46,6
DA:47,0
DA:48,0
DA:50,0
DA:53,6
DA:54,1
DA:56,1
DA:60,6
DA:61,1
DA:62,1
DA:63,1
DA:64,1
DA:67,1
DA:69,1
DA:70,1
DA:72,1
DA:73,1
DA:75,1
DA:77,0
DA:78,0
DA:82,6
DA:83,1
DA:84,1
DA:86,1
DA:89,6
DA:90,7
DA:91,7
DA:93,7
DA:97,6
DA:98,1
DA:99,1
DA:101,1
DA:105,6
DA:106,1
DA:108,1
DA:112,6
DA:113,1
DA:114,1
DA:116,1
DA:120,6
DA:121,1
DA:123,1
DA:127,6
DA:128,1
DA:129,1
DA:131,1
DA:135,6
DA:136,0
DA:138,0
DA:142,6
DA:143,0
DA:145,0
LF:68
LH:59
BRDA:61,0,0,1
BRDA:61,0,1,1
BRDA:62,1,0,1
BRDA:62,1,1,1
BRDA:67,2,0,0
BRDA:67,2,1,1
BRF:6
BRH:5
end_of_record
TN:
SF:src/routes/serviceRoutes.js
FN:8,(anonymous_0)
FN:41,(anonymous_1)
FN:50,(anonymous_2)
FN:59,(anonymous_3)
FN:66,(anonymous_4)
FN:73,(anonymous_5)
FNF:6
FNH:6
FNDA:1,(anonymous_0)
FNDA:1,(anonymous_1)
FNDA:1,(anonymous_2)
FNDA:1,(anonymous_3)
FNDA:1,(anonymous_4)
FNDA:1,(anonymous_5)
DA:6,6
DA:8,6
DA:9,1
DA:41,6
DA:42,1
DA:45,1
DA:47,1
DA:50,6
DA:51,1
DA:54,1
DA:56,1
DA:59,6
DA:60,1
DA:61,1
DA:63,1
DA:66,6
DA:67,1
DA:68,1
DA:70,1
DA:73,6
DA:74,1
DA:75,1
DA:76,1
DA:78,1
DA:79,9
DA:82,1
DA:84,0
DA:85,0
LF:28
LH:26
BRF:0
BRH:0
end_of_record
TN:
SF:src/routes/stripe.js
FN:11,(anonymous_0)
FN:28,(anonymous_1)
FNF:2
FNH:0
FNDA:0,(anonymous_0)
FNDA:0,(anonymous_1)
DA:5,6
DA:6,6
DA:7,6
DA:9,6
DA:11,6
DA:12,0
DA:14,0
DA:16,0
DA:21,0
DA:28,6
DA:29,0
DA:31,0
DA:33,0
DA:52,0
LF:14
LH:6
BRF:0
BRH:0
end_of_record
TN:
SF:src/routes/testRoutes.js
FN:8,(anonymous_0)
FN:13,(anonymous_1)
FN:23,(anonymous_2)
FN:30,(anonymous_3)
FN:41,(anonymous_4)
FN:56,(anonymous_5)
FNF:6
FNH:1
FNDA:0,(anonymous_0)
FNDA:3,(anonymous_1)
FNDA:0,(anonymous_2)
FNDA:0,(anonymous_3)
FNDA:0,(anonymous_4)
FNDA:0,(anonymous_5)
DA:6,6
DA:8,6
DA:9,0
DA:13,6
DA:14,3
DA:17,3
DA:19,3
DA:23,6
DA:24,0
DA:25,0
DA:27,0
DA:30,6
DA:31,0
DA:32,0
DA:35,0
DA:37,0
DA:41,6
DA:42,0
DA:50,0
DA:52,0
DA:56,6
DA:57,0
DA:58,0
DA:59,0
LF:24
LH:10
BRF:0
BRH:0
end_of_record
TN:
SF:src/routes/tripRoutes.js
FN:8,(anonymous_0)
FN:32,(anonymous_1)
FN:42,(anonymous_2)
FN:51,(anonymous_3)
FNF:4
FNH:3
FNDA:1,(anonymous_0)
FNDA:1,(anonymous_1)
FNDA:1,(anonymous_2)
FNDA:0,(anonymous_3)
DA:6,6
DA:8,6
DA:9,1
DA:32,6
DA:33,1
DA:34,1
DA:36,1
DA:37,1
DA:39,1
DA:42,6
DA:43,1
DA:44,1
DA:46,1
DA:48,1
DA:51,6
DA:52,0
DA:53,0
DA:55,0
LF:18
LH:15
BRF:0
BRH:0
end_of_record
TN:
SF:src/routes/updateRoutes.js
FN:6,(anonymous_0)
FN:30,(anonymous_1)
FN:38,(anonymous_2)
FN:46,(anonymous_3)
FNF:4
FNH:3
FNDA:1,(anonymous_0)
FNDA:1,(anonymous_1)
FNDA:1,(anonymous_2)
FNDA:0,(anonymous_3)
DA:4,6
DA:6,6
DA:7,1
DA:30,6
DA:31,1
DA:32,1
DA:34,1
DA:38,6
DA:39,1
DA:40,1
DA:42,1
DA:46,6
DA:47,0
DA:48,0
DA:50,0
DA:51,0
DA:52,0
DA:53,0
DA:55,0
DA:56,0
DA:57,0
LF:21
LH:12
BRDA:50,0,0,0
BRDA:50,0,1,0
BRF:2
BRH:0
end_of_record
