TN:
SF:src/app.js
FN:68,(anonymous_0)
FN:73,(anonymous_1)
FN:81,(anonymous_2)
FN:103,(anonymous_3)
FN:123,(anonymous_4)
FN:126,(anonymous_5)
FNF:6
FNH:2
FNDA:1,(anonymous_0)
FNDA:0,(anonymous_1)
FNDA:7,(anonymous_2)
FNDA:0,(anonymous_3)
FNDA:0,(anonymous_4)
FNDA:0,(anonymous_5)
DA:32,7
DA:34,7
DA:35,0
DA:39,7
DA:41,7
DA:42,7
DA:43,7
DA:46,7
DA:48,7
DA:49,7
DA:50,7
DA:51,7
DA:52,7
DA:53,7
DA:54,7
DA:55,7
DA:58,7
DA:60,7
DA:62,7
DA:68,7
DA:69,1
DA:73,7
DA:74,0
DA:76,0
DA:81,7
DA:82,7
DA:85,7
DA:87,7
DA:89,7
DA:92,7
DA:94,0
DA:97,7
DA:100,7
DA:102,7
DA:103,0
DA:104,0
DA:108,0
DA:113,7
DA:115,7
DA:117,7
DA:118,0
DA:119,0
DA:122,7
DA:123,0
DA:124,0
DA:126,0
DA:127,0
DA:128,0
DA:130,0
DA:131,0
LF:50
LH:34
BRDA:34,0,0,0
BRDA:34,0,1,7
BRDA:87,1,0,7
BRDA:87,1,1,0
BRDA:92,2,0,0
BRDA:92,2,1,7
BRDA:100,3,0,7
BRDA:100,3,1,0
BRDA:102,4,0,0
BRDA:102,4,1,7
BRDA:117,5,0,0
BRDA:117,5,1,7
BRDA:122,6,0,0
BRDA:122,6,1,7
BRF:14
BRH:7
end_of_record
TN:
SF:src/routes/addDataRoutes.js
FN:6,(anonymous_0)
FN:12,(anonymous_1)
FN:41,(anonymous_2)
FN:102,(anonymous_3)
FNF:4
FNH:4
FNDA:1,(anonymous_0)
FNDA:1,(anonymous_1)
FNDA:1,(anonymous_2)
FNDA:1,(anonymous_3)
DA:4,7
DA:6,7
DA:7,1
DA:12,7
DA:13,1
DA:33,1
DA:37,1
DA:41,7
DA:42,1
DA:43,1
DA:96,1
DA:98,1
DA:102,7
DA:103,1
DA:117,1
DA:119,1
LF:16
LH:16
BRF:0
BRH:0
end_of_record
TN:
SF:src/routes/authRoutes.js
FN:10,(anonymous_0)
FN:14,(anonymous_1)
FN:22,(anonymous_2)
FN:127,(anonymous_3)
FN:160,(anonymous_4)
FN:190,(anonymous_5)
FNF:6
FNH:1
FNDA:1,(anonymous_0)
FNDA:0,(anonymous_1)
FNDA:0,(anonymous_2)
FNDA:0,(anonymous_3)
FNDA:0,(anonymous_4)
FNDA:0,(anonymous_5)
DA:8,7
DA:10,7
DA:11,1
DA:14,7
DA:15,0
DA:22,7
DA:23,0
DA:24,0
DA:26,0
DA:27,0
DA:30,0
DA:31,0
DA:33,0
DA:34,0
DA:48,0
DA:50,0
DA:56,0
DA:58,0
DA:61,0
DA:62,0
DA:63,0
DA:73,0
DA:76,0
DA:77,0
DA:79,0
DA:80,0
DA:81,0
DA:90,0
DA:94,0
DA:95,0
DA:109,0
DA:112,0
DA:114,0
DA:115,0
DA:119,0
DA:121,0
DA:122,0
DA:127,7
DA:128,0
DA:129,0
DA:132,0
DA:133,0
DA:135,0
DA:136,0
DA:137,0
DA:146,0
DA:150,0
DA:152,0
DA:153,0
DA:160,7
DA:161,0
DA:162,0
DA:163,0
DA:165,0
DA:167,0
DA:168,0
DA:171,0
DA:172,0
DA:173,0
DA:176,0
DA:180,0
DA:190,7
DA:191,0
DA:192,0
DA:193,0
DA:195,0
DA:197,0
DA:198,0
DA:201,0
DA:203,0
DA:208,0
DA:210,0
DA:214,0
LF:73
LH:8
BRDA:24,0,0,0
BRDA:24,0,1,0
BRDA:26,1,0,0
BRDA:26,1,1,0
BRDA:61,2,0,0
BRDA:61,2,1,0
BRDA:64,3,0,0
BRDA:64,3,1,0
BRDA:79,4,0,0
BRDA:79,4,1,0
BRDA:82,5,0,0
BRDA:82,5,1,0
BRDA:94,6,0,0
BRDA:94,6,1,0
BRDA:98,7,0,0
BRDA:98,7,1,0
BRDA:114,8,0,0
BRDA:114,8,1,0
BRDA:121,9,0,0
BRDA:121,9,1,0
BRDA:135,10,0,0
BRDA:135,10,1,0
BRDA:152,11,0,0
BRDA:152,11,1,0
BRDA:167,12,0,0
BRDA:167,12,1,0
BRDA:172,13,0,0
BRDA:172,13,1,0
BRDA:197,14,0,0
BRDA:197,14,1,0
BRF:30
BRH:0
end_of_record
TN:
SF:src/routes/deleteRoutes.js
FN:6,(anonymous_0)
FN:21,(anonymous_1)
FNF:2
FNH:2
FNDA:1,(anonymous_0)
FNDA:1,(anonymous_1)
DA:4,7
DA:6,7
DA:7,1
DA:21,7
DA:22,1
DA:23,1
DA:25,1
LF:7
LH:7
BRF:0
BRH:0
end_of_record
TN:
SF:src/routes/getDataRoutes.js
FN:14,(anonymous_0)
FN:37,(anonymous_1)
FN:44,(anonymous_2)
FN:50,(anonymous_3)
FN:57,(anonymous_4)
FN:65,(anonymous_5)
FN:72,(anonymous_6)
FN:79,(anonymous_7)
FN:101,(anonymous_8)
FN:108,(anonymous_9)
FN:116,(anonymous_10)
FN:124,(anonymous_11)
FN:131,(anonymous_12)
FN:139,(anonymous_13)
FN:146,(anonymous_14)
FN:154,(anonymous_15)
FN:161,(anonymous_16)
FNF:17
FNH:16
FNDA:1,(anonymous_0)
FNDA:1,(anonymous_1)
FNDA:1,(anonymous_2)
FNDA:1,(anonymous_3)
FNDA:1,(anonymous_4)
FNDA:1,(anonymous_5)
FNDA:1,(anonymous_6)
FNDA:1,(anonymous_7)
FNDA:1,(anonymous_8)
FNDA:7,(anonymous_9)
FNDA:1,(anonymous_10)
FNDA:1,(anonymous_11)
FNDA:1,(anonymous_12)
FNDA:1,(anonymous_13)
FNDA:1,(anonymous_14)
FNDA:1,(anonymous_15)
FNDA:0,(anonymous_16)
DA:11,7
DA:14,7
DA:15,1
DA:37,7
DA:38,1
DA:40,1
DA:44,7
DA:45,1
DA:47,1
DA:50,7
DA:51,1
DA:53,1
DA:57,7
DA:58,1
DA:59,1
DA:61,1
DA:65,7
DA:66,1
DA:67,1
DA:69,1
DA:72,7
DA:73,1
DA:75,1
DA:79,7
DA:80,1
DA:81,1
DA:82,1
DA:83,1
DA:86,1
DA:88,1
DA:89,1
DA:91,1
DA:92,1
DA:94,1
DA:96,0
DA:97,0
DA:101,7
DA:102,1
DA:103,1
DA:105,1
DA:108,7
DA:109,7
DA:110,7
DA:112,7
DA:116,7
DA:117,1
DA:118,1
DA:120,1
DA:124,7
DA:125,1
DA:127,1
DA:131,7
DA:132,1
DA:133,1
DA:135,1
DA:139,7
DA:140,1
DA:142,1
DA:146,7
DA:147,1
DA:148,1
DA:150,1
DA:154,7
DA:155,1
DA:157,1
DA:161,7
DA:162,0
DA:164,0
LF:68
LH:64
BRDA:80,0,0,1
BRDA:80,0,1,1
BRDA:81,1,0,1
BRDA:81,1,1,1
BRDA:86,2,0,0
BRDA:86,2,1,1
BRF:6
BRH:5
end_of_record
TN:
SF:src/routes/serviceRoutes.js
FN:8,(anonymous_0)
FN:41,(anonymous_1)
FN:50,(anonymous_2)
FN:59,(anonymous_3)
FN:66,(anonymous_4)
FN:73,(anonymous_5)
FNF:6
FNH:5
FNDA:1,(anonymous_0)
FNDA:1,(anonymous_1)
FNDA:1,(anonymous_2)
FNDA:1,(anonymous_3)
FNDA:1,(anonymous_4)
FNDA:0,(anonymous_5)
DA:6,7
DA:8,7
DA:9,1
DA:41,7
DA:42,1
DA:45,1
DA:47,1
DA:50,7
DA:51,1
DA:54,1
DA:56,1
DA:59,7
DA:60,1
DA:61,1
DA:63,1
DA:66,7
DA:67,1
DA:68,1
DA:70,1
DA:73,7
DA:74,0
DA:75,0
DA:76,0
DA:78,0
DA:79,0
DA:82,0
DA:84,0
DA:85,0
LF:28
LH:20
BRF:0
BRH:0
end_of_record
TN:
SF:src/routes/stripe.js
FN:11,(anonymous_0)
FN:30,(anonymous_1)
FN:47,(anonymous_2)
FNF:3
FNH:2
FNDA:1,(anonymous_0)
FNDA:1,(anonymous_1)
FNDA:0,(anonymous_2)
DA:5,7
DA:6,7
DA:7,7
DA:9,7
DA:11,7
DA:12,1
DA:30,7
DA:31,1
DA:33,1
DA:35,1
DA:40,1
DA:47,7
DA:48,0
DA:50,0
DA:52,0
DA:71,0
LF:16
LH:12
BRF:0
BRH:0
end_of_record
TN:
SF:src/routes/testRoutes.js
FN:8,(anonymous_0)
FN:13,(anonymous_1)
FN:23,(anonymous_2)
FN:30,(anonymous_3)
FN:41,(anonymous_4)
FN:56,(anonymous_5)
FNF:6
FNH:1
FNDA:0,(anonymous_0)
FNDA:3,(anonymous_1)
FNDA:0,(anonymous_2)
FNDA:0,(anonymous_3)
FNDA:0,(anonymous_4)
FNDA:0,(anonymous_5)
DA:6,7
DA:8,7
DA:9,0
DA:13,7
DA:14,3
DA:17,3
DA:19,3
DA:23,7
DA:24,0
DA:25,0
DA:27,0
DA:30,7
DA:31,0
DA:32,0
DA:35,0
DA:37,0
DA:41,7
DA:42,0
DA:50,0
DA:52,0
DA:56,7
DA:57,0
DA:58,0
DA:59,0
LF:24
LH:10
BRF:0
BRH:0
end_of_record
TN:
SF:src/routes/tripRoutes.js
FN:8,(anonymous_0)
FN:32,(anonymous_1)
FN:42,(anonymous_2)
FN:51,(anonymous_3)
FNF:4
FNH:3
FNDA:1,(anonymous_0)
FNDA:1,(anonymous_1)
FNDA:1,(anonymous_2)
FNDA:0,(anonymous_3)
DA:6,7
DA:8,7
DA:9,1
DA:32,7
DA:33,1
DA:34,1
DA:36,1
DA:37,1
DA:39,1
DA:42,7
DA:43,1
DA:44,1
DA:46,1
DA:48,1
DA:51,7
DA:52,0
DA:53,0
DA:55,0
LF:18
LH:15
BRF:0
BRH:0
end_of_record
TN:
SF:src/routes/updateRoutes.js
FN:6,(anonymous_0)
FN:30,(anonymous_1)
FN:38,(anonymous_2)
FN:46,(anonymous_3)
FNF:4
FNH:3
FNDA:1,(anonymous_0)
FNDA:1,(anonymous_1)
FNDA:1,(anonymous_2)
FNDA:0,(anonymous_3)
DA:4,7
DA:6,7
DA:7,1
DA:30,7
DA:31,1
DA:32,1
DA:34,1
DA:38,7
DA:39,1
DA:40,1
DA:42,1
DA:46,7
DA:47,0
DA:48,0
DA:49,0
DA:50,0
DA:51,0
DA:52,0
DA:53,0
DA:55,0
DA:56,0
DA:57,0
LF:22
LH:12
BRDA:50,0,0,0
BRDA:50,0,1,0
BRF:2
BRH:0
end_of_record
